{"numTotalTestSuites":7,"numPassedTestSuites":5,"numFailedTestSuites":2,"numPendingTestSuites":0,"numTotalTests":21,"numPassedTests":14,"numFailedTests":7,"numPendingTests":0,"numTodoTests":0,"snapshot":{"added":0,"failure":false,"filesAdded":0,"filesRemoved":0,"filesRemovedList":[],"filesUnmatched":0,"filesUpdated":0,"matched":0,"total":0,"unchecked":0,"uncheckedKeysByFile":[],"unmatched":0,"updated":0,"didUpdate":false},"startTime":1774241902691,"success":false,"testResults":[{"assertionResults":[{"ancestorTitles":["useSystemStore persistence contract"],"fullName":"useSystemStore persistence contract hydrates only persisted shell preferences and resets runtime desktop state","status":"passed","title":"hydrates only persisted shell preferences and resets runtime desktop state","duration":16.157832999999982,"failureMessages":[],"meta":{}}],"startTime":1774241903476,"endTime":1774241903492.1577,"status":"passed","message":"","name":"/Volumes/AppDen/AppsHom/bijmantra/frontend/src/store/systemStore.test.ts"},{"assertionResults":[{"ancestorTitles":["BijMantraDesktop"],"fullName":"BijMantraDesktop closes the desktop tool surface when leaving desktop routes","status":"passed","title":"closes the desktop tool surface when leaving desktop routes","duration":67.91979199999992,"failureMessages":[],"meta":{}},{"ancestorTitles":["BijMantraDesktop"],"fullName":"BijMantraDesktop restores the remembered desktop tool when the desktop opens without an active surface","status":"passed","title":"restores the remembered desktop tool when the desktop opens without an active surface","duration":4.37195799999995,"failureMessages":[],"meta":{}},{"ancestorTitles":["BijMantraDesktop"],"fullName":"BijMantraDesktop blocks route leave when dirty workbench changes are cancelled","status":"passed","title":"blocks route leave when dirty workbench changes are cancelled","duration":4.908957999999984,"failureMessages":[],"meta":{}}],"startTime":1774241903758,"endTime":1774241903834.909,"status":"passed","message":"","name":"/Volumes/AppDen/AppsHom/bijmantra/frontend/src/framework/shell/BijMantraDesktop.test.tsx"},{"assertionResults":[{"ancestorTitles":["scanDirectory"],"fullName":"scanDirectory reads one directory level without recursing into child folders","status":"passed","title":"reads one directory level without recursing into child folders","duration":6.814250000000129,"failureMessages":[],"meta":{}},{"ancestorTitles":["scanDirectory"],"fullName":"scanDirectory indexes normal files and skips heavy generated directories","status":"passed","title":"indexes normal files and skips heavy generated directories","duration":0.3486249999998563,"failureMessages":[],"meta":{}},{"ancestorTitles":["scanDirectory"],"fullName":"scanDirectory caps very large folder indexes to keep the shell bounded","status":"passed","title":"caps very large folder indexes to keep the shell bounded","duration":15.550458000000162,"failureMessages":[],"meta":{}},{"ancestorTitles":["scanDirectory"],"fullName":"scanDirectory caps traversal work before indexing an unbounded folder tree","status":"passed","title":"caps traversal work before indexing an unbounded folder tree","duration":47.483875000000126,"failureMessages":[],"meta":{}},{"ancestorTitles":["DesktopWorkbench local explorer"],"fullName":"DesktopWorkbench local explorer defaults to compact density and persists density changes for the explorer rail","status":"passed","title":"defaults to compact density and persists density changes for the explorer rail","duration":115.70499999999993,"failureMessages":[],"meta":{}},{"ancestorTitles":["DesktopWorkbench local explorer"],"fullName":"DesktopWorkbench local explorer restores the previous editor session from local storage","status":"failed","title":"restores the previous editor session from local storage","duration":1018.8867499999999,"failureMessages":["Error: Found multiple elements with the role \"heading\" and name \"workspace-routes.json\"\n\nHere are the matching elements:\n\nIgnored nodes: comments, script, style\n\u001b[36m<h2\u001b[39m\n  \u001b[33mclass\u001b[39m=\u001b[32m\"mt-1 font-semibold text-shell text-base\"\u001b[39m\n\u001b[36m>\u001b[39m\n  \u001b[0mworkspace-routes.json\u001b[0m\n\u001b[36m</h2>\u001b[39m\n\nIgnored nodes: comments, script, style\n\u001b[36m<h3\u001b[39m\n  \u001b[33mclass\u001b[39m=\u001b[32m\"mt-1 text-base font-semibold text-shell\"\u001b[39m\n\u001b[36m>\u001b[39m\n  \u001b[0mworkspace-routes.json\u001b[0m\n\u001b[36m</h3>\u001b[39m\n\n(If this is intentional, then use the `*AllBy*` variant of the query (like `queryAllByText`, `getAllByText`, or `findAllByText`)).\n\nIgnored nodes: comments, script, style\n\u001b[36m<body>\u001b[39m\n  \u001b[36m<div>\u001b[39m\n    \u001b[36m<section\u001b[39m\n      \u001b[33mclass\u001b[39m=\u001b[32m\"absolute inset-0 z-20 flex min-h-0 items-stretch justify-center bg-[radial-gradient(circle_at_top,rgba(255,255,255,0.18),transparent_48%),rgba(7,18,25,0.16)] p-4 backdrop-blur-[10px] sm:p-6\"\u001b[39m\n    \u001b[36m>\u001b[39m\n      \u001b[36m<div\u001b[39m\n        \u001b[33mclass\u001b[39m=\u001b[32m\"shadow-shell border-shell flex h-full w-full min-h-0 overflow-hidden rounded-[32px] border bg-[hsl(var(--app-shell-panel)/0.94)] max-w-[1500px]\"\u001b[39m\n      \u001b[36m>\u001b[39m\n        \u001b[36m<aside\u001b[39m\n          \u001b[33mclass\u001b[39m=\u001b[32m\"bg-[linear-gradient(180deg,rgba(7,18,25,0.94),rgba(8,16,24,0.82))] border-shell flex min-h-0 shrink-0 flex-col border-r backdrop-blur-xl w-[284px] sm:w-[296px]\"\u001b[39m\n        \u001b[36m>\u001b[39m\n          \u001b[36m<div\u001b[39m\n            \u001b[33mclass\u001b[39m=\u001b[32m\"border-shell flex items-start justify-between gap-3 border-b px-3 py-3\"\u001b[39m\n          \u001b[36m>\u001b[39m\n            \u001b[36m<div>\u001b[39m\n              \u001b[36m<p\u001b[39m\n                \u001b[33mclass\u001b[39m=\u001b[32m\"text-[10px] uppercase tracking-[0.38em] text-slate-400\"\u001b[39m\n              \u001b[36m>\u001b[39m\n                \u001b[0mEditor\u001b[0m\n              \u001b[36m</p>\u001b[39m\n              \u001b[36m<h2\u001b[39m\n                \u001b[33mclass\u001b[39m=\u001b[32m\"mt-1 font-semibold text-white text-base\"\u001b[39m\n              \u001b[36m>\u001b[39m\n                \u001b[0mEditor\u001b[0m\n              \u001b[36m</h2>\u001b[39m\n              \u001b[36m<p\u001b[39m\n                \u001b[33mclass\u001b[39m=\u001b[32m\"mt-1 text-slate-400 text-[11px] leading-4\"\u001b[39m\n              \u001b[36m>\u001b[39m\n                \u001b[0mEdit the selected file.\u001b[0m\n              \u001b[36m</p>\u001b[39m\n            \u001b[36m</div>\u001b[39m\n            \u001b[36m<div\u001b[39m\n              \u001b[33mclass\u001b[39m=\u001b[32m\"flex items-center gap-2\"\u001b[39m\n            \u001b[36m>\u001b[39m\n              \u001b[36m<button\u001b[39m\n                \u001b[33maria-label\u001b[39m=\u001b[32m\"Create desktop document\"\u001b[39m\n                \u001b[33mclass\u001b[39m=\u001b[32m\"rounded-full border border-emerald-400/35 bg-emerald-400/12 p-2 text-emerald-100 transition hover:bg-emerald-400/18\"\u001b[39m\n                \u001b[33mtype\u001b[39m=\u001b[32m\"button\"\u001b[39m\n              \u001b[36m>\u001b[39m\n                \u001b[36m<svg\u001b[39m\n                  \u001b[33maria-hidden\u001b[39m=\u001b[32m\"true\"\u001b[39m\n                  \u001b[33mclass\u001b[39m=\u001b[32m\"lucide lucide-plus h-3.5 w-3.5\"\u001b[39m\n                  \u001b[33mfill\u001b[39m=\u001b[32m\"none\"\u001b[39m\n                  \u001b[33mheight\u001b[39m=\u001b[32m\"24\"\u001b[39m\n                  \u001b[33mstroke\u001b[39m=\u001b[32m\"currentColor\"\u001b[39m\n                  \u001b[33mstroke-linecap\u001b[39m=\u001b[32m\"round\"\u001b[39m\n                  \u001b[33mstroke-linejoin\u001b[39m=\u001b[32m\"round\"\u001b[39m\n                  \u001b[33mstroke-width\u001b[39m=\u001b[32m\"2\"\u001b[39m\n                  \u001b[33mviewBox\u001b[39m=\u001b[32m\"0 0 24 24\"\u001b[39m\n                  \u001b[33mwidth\u001b[39m=\u001b[32m\"24\"\u001b[39m\n                  \u001b[33mxmlns\u001b[39m=\u001b[32m\"http://www.w3.org/2000/svg\"\u001b[39m\n                \u001b[36m>\u001b[39m\n                  \u001b[36m<path\u001b[39m\n                    \u001b[33md\u001b[39m=\u001b[32m\"M5 12h14\"\u001b[39m\n                  \u001b[36m/>\u001b[39m\n                  \u001b[36m<path\u001b[39m\n                    \u001b[33md\u001b[39m=\u001b[32m\"M12 5v14\"\u001b[39m\n                  \u001b[36m/>\u001b[39m\n                \u001b[36m</svg>\u001b[39m\n              \u001b[36m</button>\u001b[39m\n              \u001b[36m<button\u001b[39m\n                \u001b[33maria-label\u001b[39m=\u001b[32m\"Close desktop tool\"\u001b[39m\n                \u001b[33mclass\u001b[39m=\u001b[32m\"rounded-full border border-white/12 bg-white/8 p-2 text-slate-200 transition hover:bg-white/14\"\u001b[39m\n                \u001b[33mtype\u001b[39m=\u001b[32m\"button\"\u001b[39m\n              \u001b[36m>\u001b[39m\n                \u001b[36m<svg\u001b[39m\n                  \u001b[33maria-hidden\u001b[39m=\u001b[32m\"true\"\u001b[39m\n                  \u001b[33mclass\u001b[39m=\u001b[32m\"lucide lucide-x h-3.5 w-3.5\"\u001b[39m\n                  \u001b[33mfill\u001b[39m=\u001b[32m\"none\"\u001b[39m\n                  \u001b[33mheight\u001b[39m=\u001b[32m\"24\"\u001b[39m\n                  \u001b[33mstroke\u001b[39m=\u001b[32m\"currentColor\"\u001b[39m\n                  \u001b[33mstroke-linecap\u001b[39m=\u001b[32m\"round\"\u001b[39m\n                  \u001b[33mstroke-linejoin\u001b[39m=\u001b[32m\"round\"\u001b[39m\n                  \u001b[33mstroke-width\u001b[39m=\u001b[32m\"2\"\u001b[39m\n                  \u001b[33mviewBox\u001b[39m=\u001b[32m\"0 0 24 24\"\u001b[39m\n                  \u001b[33mwidth\u001b[39m=\u001b[32m\"24\"\u001b[39m\n                  \u001b[33mxmlns\u001b[39m=\u001b[32m\"http://www.w3.org/2000/svg\"\u001b[39m\n                \u001b[36m>\u001b[39m\n                  \u001b[36m<path\u001b[39m\n                    \u001b[33md\u001b[39m=\u001b[32m\"M18 6 6 18\"\u001b[39m\n                  \u001b[36m/>\u001b[39m\n                  \u001b[36m<path\u001b[39m\n                    \u001b[33md\u001b[39m=\u001b[32m\"m6 6 12 12\"\u001b[39m\n                  \u001b[36m/>\u001b[39m\n                \u001b[36m</svg>\u001b[39m\n              \u001b[36m</button>\u001b[39m\n            \u001b[36m</div>\u001b[39m\n          \u001b[36m</div>\u001b[39m\n          \u001b[36m<div\u001b[39m\n            \u001b[33mclass\u001b[39m=\u001b[32m\"border-shell border-b px-3 py-2.5\"\u001b[39m\n          \u001b[36m>\u001b[39m\n            \u001b[36m<label\u001b[39m\n              \u001b[33mclass\u001b[39m=\u001b[32m\"flex items-center gap-2 border border-white/10 bg-white/6 text-slate-200 rounded-xl px-2.5 py-1.5 text-[12px]\"\u001b[39m\n            \u001b[36m>\u001b[39m\n              \u001b[36m<svg\u001b[39m\n                \u001b[33maria-hidden\u001b[39m=\u001b[32m\"true\"\u001b[39m\n                \u001b[33mclass\u001b[39m=\u001b[32m\"lucide lucide-search text-slate-400 h-3.5 w-3.5\"\u001b[39m\n                \u001b[33mfill\u001b[39m=\u001b[32m\"none\"\u001b[39m\n                \u001b[33mheight\u001b[39m=\u001b[32m\"24\"\u001b[39m\n                \u001b[33mstroke\u001b[39m=\u001b[32m\"currentColor\"\u001b[39m\n                \u001b[33mstroke-linecap\u001b[39m=\u001b[32m\"round\"\u001b[39m\n                \u001b[33mstroke-linejoin\u001b[39m=\u001b[32m\"round\"\u001b[39m\n                \u001b[33mstroke-width\u001b[39m=\u001b[32m\"2\"\u001b[39m\n                \u001b[33mviewBox\u001b[39m=\u001b[32m\"0 0 24 24\"\u001b[39m\n                \u001b[33mwidth\u001b[39m=\u001b[32m\"24\"\u001b[39m\n                \u001b[33mxmlns\u001b[39m=\u001b[32m\"http://www.w3.org/2000/svg\"\u001b[39m\n              \u001b[36m>\u001b[39m\n                \u001b[36m<path\u001b[39m\n                  \u001b[33md\u001b[39m=\u001b[32m\"m21 21-4.34-4.34\"\u001b[39m\n                \u001b[36m/>\u001b[39m\n                \u001b[36m<circle\u001b[39m\n                  \u001b[33mcx\u001b[39m=\u001b[32m\"11\"\u001b[39m\n                  \u001b[33mcy\u001b[39m=\u001b[32m\"11\"\u001b[39m\n                  \u001b[33mr\u001b[39m=\u001b[32m\"8\"\u001b[39m\n                \u001b[36m/>\u001b[39m\n              \u001b[36m</svg>\u001b[39m\n              \u001b[36m<input\u001b[39m\n                \u001b[33mclass\u001b[39m=\u001b[32m\"w-full bg-transparent outline-none placeholder:text-slate-500\"\u001b[39m\n                \u001b[33mplaceholder\u001b[39m=\u001b[32m\"Filter files, workspaces, system\"\u001b[39m\n                \u001b[33mvalue\u001b[39m=\u001b[32m\"\"\u001b[39m\n              \u001b[36m/>\u001b[39m\n            \u001b[36m</label>\u001b[39m\n            \u001b[36m<div\u001b[39m\n              \u001b[33mclass\u001b[39m=\u001b[32m\"mt-2 flex items-center justify-between gap-2 flex-wrap\"\u001b[39m\n            \u001b[36m>\u001b[39m\n              \u001b[36m<div\u001b[39m\n                \u001b[33mclass\u001b[39m=\u001b[32m\"inline-flex items-center rounded-xl border border-white/10 bg-white/5 p-1\"\u001b[39m\n              \u001b[36m>\u001b[39m\n                \u001b[36m<button\u001b[39m\n                  \u001b[33maria-label\u001b[39m=\u001b[32m\"Compact density\"\u001b[39m\n                  \u001b[33maria-pressed\u001b[39m=\u001b[32m\"true\"\u001b[39m\n                  \u001b[33mclass\u001b[39m=\u001b[32m\"rounded-lg px-2.5 py-1 text-[11px] font-medium transition bg-white/14 text-white\"\u001b[39m\n                  \u001b[33mtype\u001b[39m=\u001b[32m\"button\"\u001b[39m\n                \u001b[36m>\u001b[39m\n                  \u001b[0mCompact\u001b[0m\n                \u001b[36m</button>\u001b[39m\n                \u001b[36m<button\u001b[39m\n                  \u001b[33maria-label\u001b[39m=\u001b[32m\"Com...\n    at Proxy.waitForWrapper (/Volumes/AppDen/AppsHom/bijmantra/frontend/node_modules/@testing-library/dom/dist/wait-for.js:163:27)\n    at /Volumes/AppDen/AppsHom/bijmantra/frontend/src/framework/shell/DesktopWorkbench.test.tsx:338:11\n    at file:///Volumes/AppDen/AppsHom/bijmantra/frontend/node_modules/@vitest/runner/dist/index.js:145:11\n    at file:///Volumes/AppDen/AppsHom/bijmantra/frontend/node_modules/@vitest/runner/dist/index.js:915:26\n    at file:///Volumes/AppDen/AppsHom/bijmantra/frontend/node_modules/@vitest/runner/dist/index.js:1243:20\n    at new Promise (<anonymous>)\n    at runWithTimeout (file:///Volumes/AppDen/AppsHom/bijmantra/frontend/node_modules/@vitest/runner/dist/index.js:1209:10)\n    at file:///Volumes/AppDen/AppsHom/bijmantra/frontend/node_modules/@vitest/runner/dist/index.js:1653:37\n    at Traces.$ (file:///Volumes/AppDen/AppsHom/bijmantra/frontend/node_modules/vitest/dist/chunks/traces.CCmnQaNT.js:142:27)\n    at trace (file:///Volumes/AppDen/AppsHom/bijmantra/frontend/node_modules/vitest/dist/chunks/test.B8ej_ZHS.js:239:21)"],"meta":{}},{"ancestorTitles":["DesktopWorkbench local explorer"],"fullName":"DesktopWorkbench local explorer supports keyboard navigation and semantic tree roles in the explorer","status":"failed","title":"supports keyboard navigation and semantic tree roles in the explorer","duration":310.152916,"failureMessages":["TestingLibraryElementError: Unable to find an accessible element with the role \"treeitem\" and name \"documents\"\n\nHere are the accessible roles:\n\n  complementary:\n\n  Name \"\":\n  \u001b[36m<aside\u001b[39m\n    \u001b[33mclass\u001b[39m=\u001b[32m\"bg-[linear-gradient(180deg,rgba(7,18,25,0.94),rgba(8,16,24,0.82))] border-shell flex min-h-0 shrink-0 flex-col border-r backdrop-blur-xl w-[284px] sm:w-[296px]\"\u001b[39m\n  \u001b[36m/>\u001b[39m\n\n  Name \"\":\n  \u001b[36m<aside\u001b[39m\n    \u001b[33mclass\u001b[39m=\u001b[32m\"bg-shell-muted/30 border-shell flex min-h-[14rem] flex-col gap-4 border-t px-4 py-4 xl:border-l xl:border-t-0\"\u001b[39m\n  \u001b[36m/>\u001b[39m\n\n  --------------------------------------------------\n  paragraph:\n\n  Name \"\":\n  \u001b[36m<p\u001b[39m\n    \u001b[33mclass\u001b[39m=\u001b[32m\"text-[10px] uppercase tracking-[0.38em] text-slate-400\"\u001b[39m\n  \u001b[36m/>\u001b[39m\n\n  Name \"\":\n  \u001b[36m<p\u001b[39m\n    \u001b[33mclass\u001b[39m=\u001b[32m\"mt-1 text-slate-400 text-[11px] leading-4\"\u001b[39m\n  \u001b[36m/>\u001b[39m\n\n  Name \"\":\n  \u001b[36m<p\u001b[39m\n    \u001b[33mclass\u001b[39m=\u001b[32m\"mt-2 text-slate-400 text-[11px] leading-4\"\u001b[39m\n  \u001b[36m/>\u001b[39m\n\n  Name \"\":\n  \u001b[36m<p\u001b[39m\n    \u001b[33mclass\u001b[39m=\u001b[32m\"text-[10px] uppercase tracking-[0.34em] text-shell-muted\"\u001b[39m\n  \u001b[36m/>\u001b[39m\n\n  Name \"\":\n  \u001b[36m<p\u001b[39m\n    \u001b[33mclass\u001b[39m=\u001b[32m\"text-[10px] uppercase tracking-[0.3em] text-shell-muted\"\u001b[39m\n  \u001b[36m/>\u001b[39m\n\n  Name \"\":\n  \u001b[36m<p\u001b[39m\n    \u001b[33mclass\u001b[39m=\u001b[32m\"mt-2 break-all text-sm text-shell-muted\"\u001b[39m\n  \u001b[36m/>\u001b[39m\n\n  Name \"\":\n  \u001b[36m<p\u001b[39m\n    \u001b[33mclass\u001b[39m=\u001b[32m\"text-[10px] uppercase tracking-[0.34em] text-shell-muted\"\u001b[39m\n  \u001b[36m/>\u001b[39m\n\n  Name \"\":\n  \u001b[36m<p\u001b[39m\n    \u001b[33mclass\u001b[39m=\u001b[32m\"font-medium text-shell\"\u001b[39m\n  \u001b[36m/>\u001b[39m\n\n  Name \"\":\n  \u001b[36m<p\u001b[39m\n    \u001b[33mclass\u001b[39m=\u001b[32m\"mt-2\"\u001b[39m\n  \u001b[36m/>\u001b[39m\n\n  --------------------------------------------------\n  heading:\n\n  Name \"File System\":\n  \u001b[36m<h2\u001b[39m\n    \u001b[33mclass\u001b[39m=\u001b[32m\"mt-1 font-semibold text-white text-base\"\u001b[39m\n  \u001b[36m/>\u001b[39m\n\n  Name \"Files\":\n  \u001b[36m<h2\u001b[39m\n    \u001b[33mclass\u001b[39m=\u001b[32m\"mt-1 font-semibold text-shell text-base\"\u001b[39m\n  \u001b[36m/>\u001b[39m\n\n  Name \"desktop-runtime.json\":\n  \u001b[36m<h3\u001b[39m\n    \u001b[33mclass\u001b[39m=\u001b[32m\"mt-2 text-xl font-semibold text-shell\"\u001b[39m\n  \u001b[36m/>\u001b[39m\n\n  Name \"desktop-runtime.json\":\n  \u001b[36m<h3\u001b[39m\n    \u001b[33mclass\u001b[39m=\u001b[32m\"mt-1 text-base font-semibold text-shell\"\u001b[39m\n  \u001b[36m/>\u001b[39m\n\n  --------------------------------------------------\n  button:\n\n  Name \"Create desktop document\":\n  \u001b[36m<button\u001b[39m\n    \u001b[33maria-label\u001b[39m=\u001b[32m\"Create desktop document\"\u001b[39m\n    \u001b[33mclass\u001b[39m=\u001b[32m\"rounded-full border border-emerald-400/35 bg-emerald-400/12 p-2 text-emerald-100 transition hover:bg-emerald-400/18\"\u001b[39m\n    \u001b[33mtype\u001b[39m=\u001b[32m\"button\"\u001b[39m\n  \u001b[36m/>\u001b[39m\n\n  Name \"Close desktop tool\":\n  \u001b[36m<button\u001b[39m\n    \u001b[33maria-label\u001b[39m=\u001b[32m\"Close desktop tool\"\u001b[39m\n    \u001b[33mclass\u001b[39m=\u001b[32m\"rounded-full border border-white/12 bg-white/8 p-2 text-slate-200 transition hover:bg-white/14\"\u001b[39m\n    \u001b[33mtype\u001b[39m=\u001b[32m\"button\"\u001b[39m\n  \u001b[36m/>\u001b[39m\n\n  Name \"Compact density\":\n  \u001b[36m<button\u001b[39m\n    \u001b[33maria-label\u001b[39m=\u001b[32m\"Compact density\"\u001b[39m\n    \u001b[33maria-pressed\u001b[39m=\u001b[32m\"true\"\u001b[39m\n    \u001b[33mclass\u001b[39m=\u001b[32m\"rounded-lg px-2.5 py-1 text-[11px] font-medium transition bg-white/14 text-white\"\u001b[39m\n    \u001b[33mtype\u001b[39m=\u001b[32m\"button\"\u001b[39m\n  \u001b[36m/>\u001b[39m\n\n  Name \"Comfortable density\":\n  \u001b[36m<button\u001b[39m\n    \u001b[33maria-label\u001b[39m=\u001b[32m\"Comfortable density\"\u001b[39m\n    \u001b[33maria-pressed\u001b[39m=\u001b[32m\"false\"\u001b[39m\n    \u001b[33mclass\u001b[39m=\u001b[32m\"rounded-lg px-2.5 py-1 text-[11px] font-medium transition text-slate-400 hover:text-slate-200\"\u001b[39m\n    \u001b[33mtype\u001b[39m=\u001b[32m\"button\"\u001b[39m\n  \u001b[36m/>\u001b[39m\n\n  Name \"Connect Local Folder\":\n  \u001b[36m<button\u001b[39m\n    \u001b[33mclass\u001b[39m=\u001b[32m\"inline-flex items-center gap-1.5 border border-white/12 bg-white/8 font-medium text-slate-100 transition hover:bg-white/12 disabled:cursor-not-allowed disabled:opacity-60 rounded-xl px-2.5 py-1.5 text-[11px]\"\u001b[39m\n    \u001b[33mdisabled\u001b[39m=\u001b[32m\"\"\u001b[39m\n    \u001b[33mtype\u001b[39m=\u001b[32m\"button\"\u001b[39m\n  \u001b[36m/>\u001b[39m\n\n  Name \"Open Editor\":\n  \u001b[36m<button\u001b[39m\n    \u001b[33mclass\u001b[39m=\u001b[32m\"inline-flex items-center gap-2 border border-emerald-300/60 bg-emerald-50 font-semibold text-emerald-700 transition hover:bg-emerald-100 dark:border-emerald-700/60 dark:bg-emerald-900/25 dark:text-emerald-200 dark:hover:bg-emerald-900/40 rounded-xl px-2.5 py-1.5 text-[11px]\"\u001b[39m\n    \u001b[33mtype\u001b[39m=\u001b[32m\"button\"\u001b[39m\n  \u001b[36m/>\u001b[39m\n\n  --------------------------------------------------\n  textbox:\n\n  Name \"\":\n  \u001b[36m<input\u001b[39m\n    \u001b[33mclass\u001b[39m=\u001b[32m\"w-full bg-transparent outline-none placeholder:text-slate-500\"\u001b[39m\n    \u001b[33mplaceholder\u001b[39m=\u001b[32m\"Filter files, workspaces, system\"\u001b[39m\n    \u001b[33mvalue\u001b[39m=\u001b[32m\"\"\u001b[39m\n  \u001b[36m/>\u001b[39m\n\n  --------------------------------------------------\n  tree:\n\n  Name \"Workbench explorer\":\n  \u001b[36m<div\u001b[39m\n    \u001b[33maria-label\u001b[39m=\u001b[32m\"Workbench explorer\"\u001b[39m\n    \u001b[33mclass\u001b[39m=\u001b[32m\"space-y-0.5\"\u001b[39m\n    \u001b[33mrole\u001b[39m=\u001b[32m\"tree\"\u001b[39m\n  \u001b[36m/>\u001b[39m\n\n  --------------------------------------------------\n  treeitem:\n\n  Name \"platform\":\n  \u001b[36m<button\u001b[39m\n    \u001b[33maria-expanded\u001b[39m=\u001b[32m\"true\"\u001b[39m\n    \u001b[33maria-level\u001b[39m=\u001b[32m\"1\"\u001b[39m\n    \u001b[33maria-selected\u001b[39m=\u001b[32m\"false\"\u001b[39m\n    \u001b[33mclass\u001b[39m=\u001b[32m\"flex w-full items-center text-left text-slate-100 transition hover:bg-white/8 min-h-7 gap-1.5 rounded-md px-2 py-1 text-[12px] leading-5\"\u001b[39m\n    \u001b[33mrole\u001b[39m=\u001b[32m\"treeitem\"\u001b[39m\n    \u001b[33mstyle\u001b[39m=\u001b[32m\"padding-left: 8px;\"\u001b[39m\n    \u001b[33mtabindex\u001b[39m=\u001b[32m\"0\"\u001b[39m\n    \u001b[33mtype\u001b[39m=\u001b[32m\"button\"\u001b[39m\n  \u001b[36m/>\u001b[39m\n\n  Name \"divisions\":\n  \u001b[36m<button\u001b[39m\n    \u001b[33maria-expanded\u001b[39m=\u001b[32m\"false\"\u001b[39m\n    \u001b[33maria-level\u001b[39m=\u001b[32m\"2\"\u001b[39m\n    \u001b[33maria-selected\u001b[39m=\u001b[32m\"false\"\u001b[39m\n    \u001b[33mclass\u001b[39m=\u001b[32m\"flex w-full items-center text-left text-slate-100 transition hover:bg-white/8 min-h-7 gap-1.5 rounded-md px-2 py-1 text-[12px] leading-5\"\u001b[39m\n    \u001b[33mrole\u001b[39m=\u001b[32m\"treeitem\"\u001b[39m\n    \u001b[33mstyle\u001b[39m=\u001b[32m\"padding-left: 20px;\"\u001b[39m\n    \u001b[33mtabindex\u001b[39m=\u001b[32m\"-1\"\u001b[39m\n    \u001b[33mtype\u001b[39m=\u001b[32m\"button\"\u001b[39m\n  \u001b[36m/>\u001b[39m\n\n  Name \"modules\":\n  \u001b[36m<button\u001b[39m\n    \u001b[33maria-expanded\u001b[39m=\u001b[32m\"false\"\u001b[39m\n    \u001b[33maria-level\u001b[39m=\u001b[32m\"2\"\u001b[39m\n    \u001b[33maria-selected\u001b[39m=\u001b[32m\"false\"\u001b[39m\n    \u001b[33mclass\u001b[39m=\u001b[32m\"flex w-full items-center text-left text-slate-100 transition hover:bg-white/8 min-h-7 gap-1.5 rounded-md px-2 py-1 text-[12px] leading-5\"\u001b[39m\n    \u001b[33mrole\u001b[39m=\u001b[32m\"treeitem\"\u001b[39m\n    \u001b[33mstyle\u001b[39m=\u001b[32m\"padding-left: 20px;\"\u001b[39m\n    \u001b[33mtabindex\u001b[39m=\u001b[32m\"-1\"\u001b[39m\n    \u001b[33mtype\u001b[39m=\u001b[32m\"button\"\u001b[39m\n  \u001b[36m/>\u001b[39m\n\n  Name \"workspaces\":\n  \u001b[36m<button\u001b[39m\n    \u001b[33maria-expanded\u001b[39m=\u001b[32m\"false\"\u001b[39m\n    \u001b[33maria-level\u001b[39m=\u001b[32m\"2\"\u001b[39m\n    \u001b[33maria-selected\u001b[39m=\u001b[32m\"false\"\u001b[39m\n    \u001b[33mclass\u001b[39m=\u001b[32m\"flex w-full items-center text-left text-slate-100 transition hover:bg-white/8 min-h-7 gap-1.5 rounded-md px-2 py-1 text-[12px] leading-5\"\u001b[39m\n    \u001b[33mrole\u001b[39m=\u001b[32m\"treeitem\"\u001b[39m\n    \u001b[33mstyle\u001b[39m=\u001b[32m\"padding-left: 20px;\"\u001b[39m\n    \u001b[33mtabindex\u001b[39m=\u001b[32m\"-1\"\u001b[39m\n    \u001b[33mtype\u001b[39m=\u001b[32m\"button\"\u001b[39m\n  \u001b[36m/>\u001b[39m\n\n  Name \"system\":\n  \u001b[36m<button\u001b[39m\n    \u001b[33maria-expanded\u001b[39m=\u001b[32m\"true\"\u001b[39m\n    \u001b[33maria-level\u001b[39m=\u001b[32m\"1\"\u001b[39m\n    \u001b[33maria-selected\u001b[39m=\u001b[32m\"false\"\u001b[39m\n    \u001b[33mclass\u001b[39m=\u001b[32m\"flex w-full items-center text-left text-slate-100 transition hover:bg-white/8 min-h-7 gap-1.5 rounded-md px-2 py-1 text-[12px] leading-5\"\u001b[39m\n    \u001b[33mrole\u001b[39m=\u001b[32m\"treeitem\"\u001b[39m\n    \u001b[33mstyle\u001b[39m=\u001b[32m\"padding-left: 8px;\"\u001b[39m\n    \u001b[33mtabindex\u001b[39m=\u001b[32m\"-1\"\u001b[39m\n    \u001b[33mtype\u001b[39m=\u001b[32m\"button\"\u001b[39m\n  \u001b[36m/>\u001b[39m\n\n  Name \"desktop\":\n  \u001b[36m<button\u001b[39m\n    \u001b[33maria-expanded\u001b[39m=\u001b[32m\"false\"\u001b[39m\n    \u001b[33maria-level\u001b[39m=\u001b[32m\"2\"\u001b[39m\n    \u001b[33maria-selected\u001b[39m=\u001b[32m\"false\"\u001b[39m\n    \u001b[33mclass\u001b[39m=\u001b[32m\"flex w-full items-center text-left text-slate-100 transition hover:bg-white/8 min-h-7 gap-1.5 rounded-md px-2 py-1 text-[12px] leading-5\"\u001b[39m\n    \u001b[33mrole\u001b[39m=\u001b[32m\"treeitem\"\u001b[39m\n    \u001b[33mstyle\u001b[39m=\u001b[32m\"padding-left: 20px;\"\u001b[39m\n    \u001b[33mtabindex\u001b[39m=\u001b[32m\"-1\"\u001b[39m\n    \u001b[33mtype\u001b[39m=\u001b[32m\"button\"\u001b[39m\n  \u001b[36m/>\u001b[39m\n\n  Name \"navigation\":\n  \u001b[36m<button\u001b[39m\n    \u001b[33maria-expanded\u001b[39m=\u001b[32m\"false\"\u001b[39m\n    \u001b[33maria-level\u001b[39m=\u001b[32m\"2\"\u001b[39m\n    \u001b[33maria-selected\u001b[39m=\u001b[32m\"false\"\u001b[39m\n    \u001b[33mclass\u001b[39m=\u001b[32m\"flex w-full items-center text-left text-slate-100 transition hover:bg-white/8 min-h-7 gap-1.5 rounded-md px-2 py-1 text-[12px] leading-5\"\u001b[39m\n    \u001b[33mrole\u001b[39m=\u001b[32m\"treeitem\"\u001b[39m\n    \u001b[33mstyle\u001b[39m=\u001b[32m\"padding-left: 20px;\"\u001b[39m\n    \u001b[33mtabindex\u001b[39m=\u001b[32m\"-1\"\u001b[39m\n    \u001b[33mtype\u001b[39m=\u001b[32m\"button\"\u001b[39m\n  \u001b[36m/>\u001b[39m\n\n  Name \"runtime\":\n  \u001b[36m<button\u001b[39m\n    \u001b[33maria-expanded\u001b[39m=\u001b[32m\"false\"\u001b[39m\n    \u001b[33maria-level\u001b[39m=\u001b[32m\"2\"\u001b[39m\n    \u001b[33maria-selected\u001b[39m=\u001b[32m\"false\"\u001b[39m\n    \u001b[33mclass\u001b[39m=\u001b[32m\"flex w-full items-center text-left text-slate-100 transition hover:bg-white/8 min-h-7 gap-1.5 rounded-md px-2 py-1 text-[12px] leading-5\"\u001b[39m\n    \u001b[33mrole\u001b[39m=\u001b[32m\"treeitem\"\u001b[39m\n    \u001b[33mstyle\u001b[39m=\u001b[32m\"padding-left: 20px;\"\u001b[39m\n    \u001b[33mtabindex\u001b[39m=\u001b[32m\"-1\"\u001b[39m\n    \u001b[33mtype\u001b[39m=\u001b[32m\"button\"\u001b[39m\n  \u001b[36m/>\u001b[39m\n\n  --------------------------------------------------\n  group:\n\n  Name \"\":\n  \u001b[36m<div\u001b[39m\n    \u001b[33mrole\u001b[39m=\u001b[32m\"group\"\u001b[39m\n  \u001b[36m/>\u001b[39m\n\n  Name \"\":\n  \u001b[36m<div\u001b[39m\n    \u001b[33mrole\u001b[39m=\u001b[32m\"group\"\u001b[39m\n  \u001b[36m/>\u001b[39m\n\n  --------------------------------------------------\n\nIgnored nodes: comments, script, style\n\u001b[36m<body>\u001b[39m\n  \u001b[36m<div>\u001b[39m\n    \u001b[36m<section\u001b[39m\n      \u001b[33mclass\u001b[39m=\u001b[32m\"absolute inset-0 z-20 flex min-h-0 items-stretch justify-center bg-[radial-gradient(circle_at_top,rgba(255,255,255,0.18),transparent_48%),rgba(7,18,25,0.16)] p-4 backdrop-blur-[10px] sm:p-6\"\u001b[39m\n    \u001b[36m>\u001b[39m\n      \u001b[36m<div\u001b[39m\n        \u001b[33mclass\u001b[39m=\u001b[32m\"shadow-shell border-shell flex h-full w-full min-h-0 overflow-hidden rounded-[32px] border bg-[hsl(var(--app-shell-panel)/0.94)] max-w-6xl\"\u001b[39m\n      \u001b[36m>\u001b[39m\n        \u001b[36m<aside\u001b[39m\n          \u001b[33mclass\u001b[39m=\u001b[32m\"bg-[linear-gradient(180deg,rgba(7,18,25,0.94),rgba(8,16,24,0.82))] border-shell flex min-h-0 shrink-0 flex-col border-r backdrop-blur-xl w-[284px] sm:w-[296px]\"\u001b[39m\n        \u001b[36m>\u001b[39m\n          \u001b[36m<div\u001b[39m\n            \u001b[33mclass\u001b[39m=\u001b[32m\"border-shell flex items-start justify-between gap-3 border-b px-3 py-3\"\u001b[39m\n          \u001b[36m>\u001b[39m\n            \u001b[36m<div>\u001b[39m\n              \u001b[36m<p\u001b[39m\n                \u001b[33mclass\u001b[39m=\u001b[32m\"text-[10px] uppercase tracking-[0.38em] text-slate-400\"\u001b[39m\n              \u001b[36m>\u001b[39m\n                \u001b[0mFiles\u001b[0m\n              \u001b[36m</p>\u001b[39m\n              \u001b[36m<h2\u001b[39m\n                \u001b[33mclass\u001b[39m=\u001b[32m\"mt-1 font-semibold text-white text-base\"\u001b[39m\n              \u001b[36m>\u001b[39m\n                \u001b[0mFile System\u001b[0m\n              \u001b[36m</h2>\u001b[39m\n              \u001b[36m<p\u001b[39m\n                \u001b[33mclass\u001b[39m=\u001b[32m\"mt-1 text-slate-400 text-[11px] leading-4\"\u001b[39m\n              \u001b[36m>\u001b[39m\n                \u001b[0mBrowse files and connected folders.\u001b[0m\n              \u001b[36m</p>\u001b[39m\n            \u001b[36m</div>\u001b[39m\n            \u001b[36m<div\u001b[39m\n              \u001b[33mclass\u001b[39m=\u001b[32m\"flex items-center gap-2\"\u001b[39m\n            \u001b[36m>\u001b[39m\n              \u001b[36m<button\u001b[39m\n                \u001b[33maria-label\u001b[39m=\u001b[32m\"Create desktop document\"\u001b[39m\n                \u001b[33mclass\u001b[39m=\u001b[32m\"rounded-full border border-emerald-400/35 bg-emerald-400/12 p-2 text-emerald-100 transition hover:bg-emerald-400/18\"\u001b[39m\n                \u001b[33mtype\u001b[39m=\u001b[32m\"button\"\u001b[39m\n              \u001b[36m>\u001b[39m\n                \u001b[36m<svg\u001b[39m\n                  \u001b[33maria-hidden\u001b[39m=\u001b[32m\"true\"\u001b[39m\n                  \u001b[33mclass\u001b[39m=\u001b[32m\"lucide lucide-plus h-3.5 w-3.5\"\u001b[39m\n                  \u001b[33mfill\u001b[39m=\u001b[32m\"none\"\u001b[39m\n                  \u001b[33mheight\u001b[39m=\u001b[32m\"24\"\u001b[39m\n                  \u001b[33mstroke\u001b[39m=\u001b[32m\"currentColor\"\u001b[39m\n                  \u001b[33mstroke-linecap\u001b[39m=\u001b[32m\"round\"\u001b[39m\n                  \u001b[33mstroke-linejoin\u001b[39m=\u001b[32m\"round\"\u001b[39m\n                  \u001b[33mstroke-width\u001b[39m=\u001b[32m\"2\"\u001b[39m\n                  \u001b[33mviewBox\u001b[39m=\u001b[32m\"0 0 24 24\"\u001b[39m\n                  \u001b[33mwidth\u001b[39m=\u001b[32m\"24\"\u001b[39m\n                  \u001b[33mxmlns\u001b[39m=\u001b[32m\"http://www.w3.org/2000/svg\"\u001b[39m\n                \u001b[36m>\u001b[39m\n                  \u001b[36m<path\u001b[39m\n                    \u001b[33md\u001b[39m=\u001b[32m\"M5 12h14\"\u001b[39m\n                  \u001b[36m/>\u001b[39m\n                  \u001b[36m<path\u001b[39m\n                    \u001b[33md\u001b[39m=\u001b[32m\"M12 5v14\"\u001b[39m\n                  \u001b[36m/>\u001b[39m\n                \u001b[36m</svg>\u001b[39m\n              \u001b[36m</button>\u001b[39m\n              \u001b[36m<button\u001b[39m\n                \u001b[33maria-label\u001b[39m=\u001b[32m\"Close desktop tool\"\u001b[39m\n                \u001b[33mclass\u001b[39m=\u001b[32m\"rounded-full border border-white/12 bg-white/8 p-2 text-slate-200 transition hover:bg-white/14\"\u001b[39m\n                \u001b[33mtype\u001b[39m=\u001b[32m\"button\"\u001b[39m\n              \u001b[36m>\u001b[39m\n                \u001b[36m<svg\u001b[39m\n                  \u001b[33maria-hidden\u001b[39m=\u001b[32m\"true\"\u001b[39m\n                  \u001b[33mclass\u001b[39m=\u001b[32m\"lucide lucide-x h-3.5 w-3.5\"\u001b[39m\n                  \u001b[33mfill\u001b[39m=\u001b[32m\"none\"\u001b[39m\n                  \u001b[33mheight\u001b[39m=\u001b[32m\"24\"\u001b[39m\n                  \u001b[33mstroke\u001b[39m=\u001b[32m\"currentColor\"\u001b[39m\n                  \u001b[33mstroke-linecap\u001b[39m=\u001b[32m\"round\"\u001b[39m\n                  \u001b[33mstroke-linejoin\u001b[39m=\u001b[32m\"round\"\u001b[39m\n                  \u001b[33mstroke-width\u001b[39m=\u001b[32m\"2\"\u001b[39m\n                  \u001b[33mviewBox\u001b[39m=\u001b[32m\"0 0 24 24\"\u001b[39m\n                  \u001b[33mwidth\u001b[39m=\u001b[32m\"24\"\u001b[39m\n                  \u001b[33mxmlns\u001b[39m=\u001b[32m\"http://www.w3.org/2000/svg\"\u001b[39m\n                \u001b[36m>\u001b[39m\n                  \u001b[36m<path\u001b[39m\n                    \u001b[33md\u001b[39m=\u001b[32m\"M18 6 6 18\"\u001b[39m\n                  \u001b[36m/>\u001b[39m\n                  \u001b[36m<path\u001b[39m\n                    \u001b[33md\u001b[39m=\u001b[32m\"m6 6 12 12\"\u001b[39m\n                  \u001b[36m/>\u001b[39m\n                \u001b[36m</svg>\u001b[39m\n              \u001b[36m</button>\u001b[39m\n            \u001b[36m</div>\u001b[39m\n          \u001b[36m</div>\u001b[39m\n          \u001b[36m<div\u001b[39m\n            \u001b[33mclass\u001b[39m=\u001b[32m\"border-shell border-b px-3 py-2.5\"\u001b[39m\n          \u001b[36m>\u001b[39m\n            \u001b[36m<label\u001b[39m\n              \u001b[33mclass\u001b[39m=\u001b[32m\"flex items-center gap-2 border border-white/10 bg-white/6 text-slate-200 rounded-xl px-2.5 py-1.5 text-[12px]\"\u001b[39m\n            \u001b[36m>\u001b[39m\n              \u001b[36m<svg\u001b[39m\n                \u001b[33maria-hidden\u001b[39m=\u001b[32m\"true\"\u001b[39m\n                \u001b[33mclass\u001b[39m=\u001b[32m\"lucide lucide-search text-slate-400 h-3.5 w-3.5\"\u001b[39m\n                \u001b[33mfill\u001b[39m=\u001b[32m\"none\"\u001b[39m\n                \u001b[33mheight\u001b[39m=\u001b[32m\"24\"\u001b[39m\n                \u001b[33mstroke\u001b[39m=\u001b[32m\"currentColor\"\u001b[39m\n                \u001b[33mstroke-linecap\u001b[39m=\u001b[32m\"round\"\u001b[39m\n                \u001b[33mstroke-linejoin\u001b[39m=\u001b[32m\"round\"\u001b[39m\n                \u001b[33mstroke-width\u001b[39m=\u001b[32m\"2\"\u001b[39m\n                \u001b[33mviewBox\u001b[39m=\u001b[32m\"0 0 24 24\"\u001b[39m\n                \u001b[33mwidth\u001b[39m=\u001b[32m\"24\"\u001b[39m\n                \u001b[33mxmlns\u001b[39m=\u001b[32m\"http://www.w3.org/2000/svg\"\u001b[39m\n              \u001b[36m>\u001b[39m\n                \u001b[36m<path\u001b[39m\n                  \u001b[33md\u001b[39m=\u001b[32m\"m21 21-4.34-4.34\"\u001b[39m\n                \u001b[36m/>\u001b[39m\n                \u001b[36m<circle\u001b[39m\n                  \u001b[33mcx\u001b[39m=\u001b[32m\"11\"\u001b[39m\n                  \u001b[33mcy\u001b[39m=\u001b[32m\"11\"\u001b[39m\n                  \u001b[33mr\u001b[39m=\u001b[32m\"8\"\u001b[39m\n                \u001b[36m/>\u001b[39m\n              \u001b[36m</svg>\u001b[39m\n              \u001b[36m<input\u001b[39m\n                \u001b[33mclass\u001b[39m=\u001b[32m\"w-full bg-transparent outline-none placeholder:text-slate-500\"\u001b[39m\n                \u001b[33mplaceholder\u001b[39m=\u001b[32m\"Filter files, workspaces, system\"\u001b[39m\n                \u001b[33mvalue\u001b[39m=\u001b[32m\"\"\u001b[39m\n              \u001b[36m/>\u001b[39m\n            \u001b[36m</label>\u001b[39m\n            \u001b[36m<div\u001b[39m\n              \u001b[33mclass\u001b[39m=\u001b[32m\"mt-2 flex items-center justify-between gap-2 flex-wrap\"\u001b[39m\n            \u001b[36m>\u001b[39m\n              \u001b[36m<div\u001b[39m\n                \u001b[33mclass\u001b[39m=\u001b[32m\"inline-flex items-center rounded-xl border border-white/10 bg-white/5 p-1\"\u001b[39m\n              \u001b[36m>\u001b[39m\n                \u001b[36m<button\u001b[39m\n                  \u001b[33maria-label\u001b[39m=\u001b[32m\"Compact density\"\u001b[39m\n                  \u001b[33maria-pressed\u001b[39m=\u001b[32m\"true\"\u001b[39m\n                  \u001b[33mclass\u001b[39m=\u001b[32m\"rounded-lg px-2.5 py-1 text-[11px] font-medium transition bg-white/14 text-white\"\u001b[39m\n                  \u001b[33mtype\u001b[39m=\u001b[32m\"button\"\u001b[39m\n                \u001b[36m>\u001b[39m\n                  \u001b[0mCompact\u001b[0m\n                \u001b[36m</button>\u001b[39m\n                \u001b[36m<button\u001b[39m\n                  \u001b[33maria-label\u001b[39...\n    at Object.getElementError (/Volumes/AppDen/AppsHom/bijmantra/frontend/node_modules/@testing-library/dom/dist/config.js:37:19)\n    at /Volumes/AppDen/AppsHom/bijmantra/frontend/node_modules/@testing-library/dom/dist/query-helpers.js:76:38\n    at /Volumes/AppDen/AppsHom/bijmantra/frontend/node_modules/@testing-library/dom/dist/query-helpers.js:52:17\n    at /Volumes/AppDen/AppsHom/bijmantra/frontend/node_modules/@testing-library/dom/dist/query-helpers.js:95:19\n    at /Volumes/AppDen/AppsHom/bijmantra/frontend/src/framework/shell/DesktopWorkbench.test.tsx:355:34\n    at file:///Volumes/AppDen/AppsHom/bijmantra/frontend/node_modules/@vitest/runner/dist/index.js:145:11\n    at file:///Volumes/AppDen/AppsHom/bijmantra/frontend/node_modules/@vitest/runner/dist/index.js:915:26\n    at file:///Volumes/AppDen/AppsHom/bijmantra/frontend/node_modules/@vitest/runner/dist/index.js:1243:20\n    at new Promise (<anonymous>)\n    at runWithTimeout (file:///Volumes/AppDen/AppsHom/bijmantra/frontend/node_modules/@vitest/runner/dist/index.js:1209:10)"],"meta":{}},{"ancestorTitles":["DesktopWorkbench local explorer"],"fullName":"DesktopWorkbench local explorer mounts the editor surface with controlled Monaco layout after switching surfaces","status":"passed","title":"mounts the editor surface with controlled Monaco layout after switching surfaces","duration":331.8373340000003,"failureMessages":[],"meta":{}},{"ancestorTitles":["DesktopWorkbench local explorer"],"fullName":"DesktopWorkbench local explorer renders a native JSON graph view for JSON files inside the editor surface","status":"passed","title":"renders a native JSON graph view for JSON files inside the editor surface","duration":88.20724999999993,"failureMessages":[],"meta":{}},{"ancestorTitles":["DesktopWorkbench local explorer"],"fullName":"DesktopWorkbench local explorer loads only the root directory on connect and lazily expands nested folders","status":"failed","title":"loads only the root directory on connect and lazily expands nested folders","duration":365.5842910000001,"failureMessages":["TestingLibraryElementError: Unable to find an accessible element with the role \"button\" and name \"src\"\n\nHere are the accessible roles:\n\n  complementary:\n\n  Name \"\":\n  \u001b[36m<aside\u001b[39m\n    \u001b[33mclass\u001b[39m=\u001b[32m\"bg-[linear-gradient(180deg,rgba(7,18,25,0.94),rgba(8,16,24,0.82))] border-shell flex min-h-0 shrink-0 flex-col border-r backdrop-blur-xl w-[284px] sm:w-[296px]\"\u001b[39m\n  \u001b[36m/>\u001b[39m\n\n  Name \"\":\n  \u001b[36m<aside\u001b[39m\n    \u001b[33mclass\u001b[39m=\u001b[32m\"bg-shell-muted/30 border-shell flex min-h-[14rem] flex-col gap-4 border-t px-4 py-4 xl:border-l xl:border-t-0\"\u001b[39m\n  \u001b[36m/>\u001b[39m\n\n  --------------------------------------------------\n  paragraph:\n\n  Name \"\":\n  \u001b[36m<p\u001b[39m\n    \u001b[33mclass\u001b[39m=\u001b[32m\"text-[10px] uppercase tracking-[0.38em] text-slate-400\"\u001b[39m\n  \u001b[36m/>\u001b[39m\n\n  Name \"\":\n  \u001b[36m<p\u001b[39m\n    \u001b[33mclass\u001b[39m=\u001b[32m\"mt-1 text-slate-400 text-[11px] leading-4\"\u001b[39m\n  \u001b[36m/>\u001b[39m\n\n  Name \"\":\n  \u001b[36m<p\u001b[39m\n    \u001b[33mclass\u001b[39m=\u001b[32m\"mt-2 text-slate-400 text-[11px] leading-4\"\u001b[39m\n  \u001b[36m/>\u001b[39m\n\n  Name \"\":\n  \u001b[36m<p\u001b[39m\n    \u001b[33mclass\u001b[39m=\u001b[32m\"mt-2 text-slate-400 text-[11px] leading-4\"\u001b[39m\n  \u001b[36m/>\u001b[39m\n\n  Name \"\":\n  \u001b[36m<p\u001b[39m\n    \u001b[33mclass\u001b[39m=\u001b[32m\"text-[10px] uppercase tracking-[0.34em] text-shell-muted\"\u001b[39m\n  \u001b[36m/>\u001b[39m\n\n  Name \"\":\n  \u001b[36m<p\u001b[39m\n    \u001b[33mclass\u001b[39m=\u001b[32m\"text-[10px] uppercase tracking-[0.3em] text-shell-muted\"\u001b[39m\n  \u001b[36m/>\u001b[39m\n\n  Name \"\":\n  \u001b[36m<p\u001b[39m\n    \u001b[33mclass\u001b[39m=\u001b[32m\"mt-2 break-all text-sm text-shell-muted\"\u001b[39m\n  \u001b[36m/>\u001b[39m\n\n  Name \"\":\n  \u001b[36m<p\u001b[39m\n    \u001b[33mclass\u001b[39m=\u001b[32m\"text-[10px] uppercase tracking-[0.34em] text-shell-muted\"\u001b[39m\n  \u001b[36m/>\u001b[39m\n\n  Name \"\":\n  \u001b[36m<p\u001b[39m\n    \u001b[33mclass\u001b[39m=\u001b[32m\"font-medium text-shell\"\u001b[39m\n  \u001b[36m/>\u001b[39m\n\n  Name \"\":\n  \u001b[36m<p\u001b[39m\n    \u001b[33mclass\u001b[39m=\u001b[32m\"mt-2\"\u001b[39m\n  \u001b[36m/>\u001b[39m\n\n  --------------------------------------------------\n  heading:\n\n  Name \"File System\":\n  \u001b[36m<h2\u001b[39m\n    \u001b[33mclass\u001b[39m=\u001b[32m\"mt-1 font-semibold text-white text-base\"\u001b[39m\n  \u001b[36m/>\u001b[39m\n\n  Name \"Files\":\n  \u001b[36m<h2\u001b[39m\n    \u001b[33mclass\u001b[39m=\u001b[32m\"mt-1 font-semibold text-shell text-base\"\u001b[39m\n  \u001b[36m/>\u001b[39m\n\n  Name \"desktop-runtime.json\":\n  \u001b[36m<h3\u001b[39m\n    \u001b[33mclass\u001b[39m=\u001b[32m\"mt-2 text-xl font-semibold text-shell\"\u001b[39m\n  \u001b[36m/>\u001b[39m\n\n  Name \"desktop-runtime.json\":\n  \u001b[36m<h3\u001b[39m\n    \u001b[33mclass\u001b[39m=\u001b[32m\"mt-1 text-base font-semibold text-shell\"\u001b[39m\n  \u001b[36m/>\u001b[39m\n\n  --------------------------------------------------\n  button:\n\n  Name \"Create desktop document\":\n  \u001b[36m<button\u001b[39m\n    \u001b[33maria-label\u001b[39m=\u001b[32m\"Create desktop document\"\u001b[39m\n    \u001b[33mclass\u001b[39m=\u001b[32m\"rounded-full border border-emerald-400/35 bg-emerald-400/12 p-2 text-emerald-100 transition hover:bg-emerald-400/18\"\u001b[39m\n    \u001b[33mtype\u001b[39m=\u001b[32m\"button\"\u001b[39m\n  \u001b[36m/>\u001b[39m\n\n  Name \"Close desktop tool\":\n  \u001b[36m<button\u001b[39m\n    \u001b[33maria-label\u001b[39m=\u001b[32m\"Close desktop tool\"\u001b[39m\n    \u001b[33mclass\u001b[39m=\u001b[32m\"rounded-full border border-white/12 bg-white/8 p-2 text-slate-200 transition hover:bg-white/14\"\u001b[39m\n    \u001b[33mtype\u001b[39m=\u001b[32m\"button\"\u001b[39m\n  \u001b[36m/>\u001b[39m\n\n  Name \"Compact density\":\n  \u001b[36m<button\u001b[39m\n    \u001b[33maria-label\u001b[39m=\u001b[32m\"Compact density\"\u001b[39m\n    \u001b[33maria-pressed\u001b[39m=\u001b[32m\"true\"\u001b[39m\n    \u001b[33mclass\u001b[39m=\u001b[32m\"rounded-lg px-2.5 py-1 text-[11px] font-medium transition bg-white/14 text-white\"\u001b[39m\n    \u001b[33mtype\u001b[39m=\u001b[32m\"button\"\u001b[39m\n  \u001b[36m/>\u001b[39m\n\n  Name \"Comfortable density\":\n  \u001b[36m<button\u001b[39m\n    \u001b[33maria-label\u001b[39m=\u001b[32m\"Comfortable density\"\u001b[39m\n    \u001b[33maria-pressed\u001b[39m=\u001b[32m\"false\"\u001b[39m\n    \u001b[33mclass\u001b[39m=\u001b[32m\"rounded-lg px-2.5 py-1 text-[11px] font-medium transition text-slate-400 hover:text-slate-200\"\u001b[39m\n    \u001b[33mtype\u001b[39m=\u001b[32m\"button\"\u001b[39m\n  \u001b[36m/>\u001b[39m\n\n  Name \"Reconnect Folder\":\n  \u001b[36m<button\u001b[39m\n    \u001b[33mclass\u001b[39m=\u001b[32m\"inline-flex items-center gap-1.5 border border-white/12 bg-white/8 font-medium text-slate-100 transition hover:bg-white/12 disabled:cursor-not-allowed disabled:opacity-60 rounded-xl px-2.5 py-1.5 text-[11px]\"\u001b[39m\n    \u001b[33mtype\u001b[39m=\u001b[32m\"button\"\u001b[39m\n  \u001b[36m/>\u001b[39m\n\n  Name \"Refresh\":\n  \u001b[36m<button\u001b[39m\n    \u001b[33mclass\u001b[39m=\u001b[32m\"inline-flex items-center gap-1.5 border border-white/12 text-slate-300 transition hover:bg-white/8 rounded-xl px-2.5 py-1.5 text-[11px]\"\u001b[39m\n    \u001b[33mtype\u001b[39m=\u001b[32m\"button\"\u001b[39m\n  \u001b[36m/>\u001b[39m\n\n  Name \"Open Editor\":\n  \u001b[36m<button\u001b[39m\n    \u001b[33mclass\u001b[39m=\u001b[32m\"inline-flex items-center gap-2 border border-emerald-300/60 bg-emerald-50 font-semibold text-emerald-700 transition hover:bg-emerald-100 dark:border-emerald-700/60 dark:bg-emerald-900/25 dark:text-emerald-200 dark:hover:bg-emerald-900/40 rounded-xl px-2.5 py-1.5 text-[11px]\"\u001b[39m\n    \u001b[33mtype\u001b[39m=\u001b[32m\"button\"\u001b[39m\n  \u001b[36m/>\u001b[39m\n\n  --------------------------------------------------\n  textbox:\n\n  Name \"\":\n  \u001b[36m<input\u001b[39m\n    \u001b[33mclass\u001b[39m=\u001b[32m\"w-full bg-transparent outline-none placeholder:text-slate-500\"\u001b[39m\n    \u001b[33mplaceholder\u001b[39m=\u001b[32m\"Filter files, workspaces, system\"\u001b[39m\n    \u001b[33mvalue\u001b[39m=\u001b[32m\"\"\u001b[39m\n  \u001b[36m/>\u001b[39m\n\n  --------------------------------------------------\n  tree:\n\n  Name \"Workbench explorer\":\n  \u001b[36m<div\u001b[39m\n    \u001b[33maria-label\u001b[39m=\u001b[32m\"Workbench explorer\"\u001b[39m\n    \u001b[33mclass\u001b[39m=\u001b[32m\"space-y-0.5\"\u001b[39m\n    \u001b[33mrole\u001b[39m=\u001b[32m\"tree\"\u001b[39m\n  \u001b[36m/>\u001b[39m\n\n  --------------------------------------------------\n  treeitem:\n\n  Name \"local\":\n  \u001b[36m<button\u001b[39m\n    \u001b[33maria-expanded\u001b[39m=\u001b[32m\"true\"\u001b[39m\n    \u001b[33maria-level\u001b[39m=\u001b[32m\"1\"\u001b[39m\n    \u001b[33maria-selected\u001b[39m=\u001b[32m\"false\"\u001b[39m\n    \u001b[33mclass\u001b[39m=\u001b[32m\"flex w-full items-center text-left text-slate-100 transition hover:bg-white/8 min-h-7 gap-1.5 rounded-md px-2 py-1 text-[12px] leading-5\"\u001b[39m\n    \u001b[33mrole\u001b[39m=\u001b[32m\"treeitem\"\u001b[39m\n    \u001b[33mstyle\u001b[39m=\u001b[32m\"padding-left: 8px;\"\u001b[39m\n    \u001b[33mtabindex\u001b[39m=\u001b[32m\"-1\"\u001b[39m\n    \u001b[33mtype\u001b[39m=\u001b[32m\"button\"\u001b[39m\n  \u001b[36m/>\u001b[39m\n\n  Name \"workspace\":\n  \u001b[36m<button\u001b[39m\n    \u001b[33maria-expanded\u001b[39m=\u001b[32m\"true\"\u001b[39m\n    \u001b[33maria-level\u001b[39m=\u001b[32m\"2\"\u001b[39m\n    \u001b[33maria-selected\u001b[39m=\u001b[32m\"false\"\u001b[39m\n    \u001b[33mclass\u001b[39m=\u001b[32m\"flex w-full items-center text-left text-slate-100 transition hover:bg-white/8 min-h-7 gap-1.5 rounded-md px-2 py-1 text-[12px] leading-5\"\u001b[39m\n    \u001b[33mrole\u001b[39m=\u001b[32m\"treeitem\"\u001b[39m\n    \u001b[33mstyle\u001b[39m=\u001b[32m\"padding-left: 20px;\"\u001b[39m\n    \u001b[33mtabindex\u001b[39m=\u001b[32m\"-1\"\u001b[39m\n    \u001b[33mtype\u001b[39m=\u001b[32m\"button\"\u001b[39m\n  \u001b[36m/>\u001b[39m\n\n  Name \"src\":\n  \u001b[36m<button\u001b[39m\n    \u001b[33maria-expanded\u001b[39m=\u001b[32m\"false\"\u001b[39m\n    \u001b[33maria-level\u001b[39m=\u001b[32m\"3\"\u001b[39m\n    \u001b[33maria-selected\u001b[39m=\u001b[32m\"false\"\u001b[39m\n    \u001b[33mclass\u001b[39m=\u001b[32m\"flex w-full items-center text-left text-slate-100 transition hover:bg-white/8 min-h-7 gap-1.5 rounded-md px-2 py-1 text-[12px] leading-5\"\u001b[39m\n    \u001b[33mrole\u001b[39m=\u001b[32m\"treeitem\"\u001b[39m\n    \u001b[33mstyle\u001b[39m=\u001b[32m\"padding-left: 32px;\"\u001b[39m\n    \u001b[33mtabindex\u001b[39m=\u001b[32m\"-1\"\u001b[39m\n    \u001b[33mtype\u001b[39m=\u001b[32m\"button\"\u001b[39m\n  \u001b[36m/>\u001b[39m\n\n  Name \"root-only.md\":\n  \u001b[36m<button\u001b[39m\n    \u001b[33maria-level\u001b[39m=\u001b[32m\"3\"\u001b[39m\n    \u001b[33maria-selected\u001b[39m=\u001b[32m\"false\"\u001b[39m\n    \u001b[33mclass\u001b[39m=\u001b[32m\"flex w-full items-center text-left transition min-h-7 gap-1.5 rounded-md px-2 py-1 text-[12px] leading-5 text-slate-200/80 hover:bg-white/8 hover:text-white\"\u001b[39m\n    \u001b[33mrole\u001b[39m=\u001b[32m\"treeitem\"\u001b[39m\n    \u001b[33mstyle\u001b[39m=\u001b[32m\"padding-left: 32px;\"\u001b[39m\n    \u001b[33mtabindex\u001b[39m=\u001b[32m\"-1\"\u001b[39m\n    \u001b[33mtype\u001b[39m=\u001b[32m\"button\"\u001b[39m\n  \u001b[36m/>\u001b[39m\n\n  Name \"platform\":\n  \u001b[36m<button\u001b[39m\n    \u001b[33maria-expanded\u001b[39m=\u001b[32m\"true\"\u001b[39m\n    \u001b[33maria-level\u001b[39m=\u001b[32m\"1\"\u001b[39m\n    \u001b[33maria-selected\u001b[39m=\u001b[32m\"false\"\u001b[39m\n    \u001b[33mclass\u001b[39m=\u001b[32m\"flex w-full items-center text-left text-slate-100 transition hover:bg-white/8 min-h-7 gap-1.5 rounded-md px-2 py-1 text-[12px] leading-5\"\u001b[39m\n    \u001b[33mrole\u001b[39m=\u001b[32m\"treeitem\"\u001b[39m\n    \u001b[33mstyle\u001b[39m=\u001b[32m\"padding-left: 8px;\"\u001b[39m\n    \u001b[33mtabindex\u001b[39m=\u001b[32m\"0\"\u001b[39m\n    \u001b[33mtype\u001b[39m=\u001b[32m\"button\"\u001b[39m\n  \u001b[36m/>\u001b[39m\n\n  Name \"divisions\":\n  \u001b[36m<button\u001b[39m\n    \u001b[33maria-expanded\u001b[39m=\u001b[32m\"false\"\u001b[39m\n    \u001b[33maria-level\u001b[39m=\u001b[32m\"2\"\u001b[39m\n    \u001b[33maria-selected\u001b[39m=\u001b[32m\"false\"\u001b[39m\n    \u001b[33mclass\u001b[39m=\u001b[32m\"flex w-full items-center text-left text-slate-100 transition hover:bg-white/8 min-h-7 gap-1.5 rounded-md px-2 py-1 text-[12px] leading-5\"\u001b[39m\n    \u001b[33mrole\u001b[39m=\u001b[32m\"treeitem\"\u001b[39m\n    \u001b[33mstyle\u001b[39m=\u001b[32m\"padding-left: 20px;\"\u001b[39m\n    \u001b[33mtabindex\u001b[39m=\u001b[32m\"-1\"\u001b[39m\n    \u001b[33mtype\u001b[39m=\u001b[32m\"button\"\u001b[39m\n  \u001b[36m/>\u001b[39m\n\n  Name \"modules\":\n  \u001b[36m<button\u001b[39m\n    \u001b[33maria-expanded\u001b[39m=\u001b[32m\"false\"\u001b[39m\n    \u001b[33maria-level\u001b[39m=\u001b[32m\"2\"\u001b[39m\n    \u001b[33maria-selected\u001b[39m=\u001b[32m\"false\"\u001b[39m\n    \u001b[33mclass\u001b[39m=\u001b[32m\"flex w-full items-center text-left text-slate-100 transition hover:bg-white/8 min-h-7 gap-1.5 rounded-md px-2 py-1 text-[12px] leading-5\"\u001b[39m\n    \u001b[33mrole\u001b[39m=\u001b[32m\"treeitem\"\u001b[39m\n    \u001b[33mstyle\u001b[39m=\u001b[32m\"padding-left: 20px;\"\u001b[39m\n    \u001b[33mtabindex\u001b[39m=\u001b[32m\"-1\"\u001b[39m\n    \u001b[33mtype\u001b[39m=\u001b[32m\"button\"\u001b[39m\n  \u001b[36m/>\u001b[39m\n\n  Name \"workspaces\":\n  \u001b[36m<button\u001b[39m\n    \u001b[33maria-expanded\u001b[39m=\u001b[32m\"false\"\u001b[39m\n    \u001b[33maria-level\u001b[39m=\u001b[32m\"2\"\u001b[39m\n    \u001b[33maria-selected\u001b[39m=\u001b[32m\"false\"\u001b[39m\n    \u001b[33mclass\u001b[39m=\u001b[32m\"flex w-full items-center text-left text-slate-100 transition hover:bg-white/8 min-h-7 gap-1.5 rounded-md px-2 py-1 text-[12px] leading-5\"\u001b[39m\n    \u001b[33mrole\u001b[39m=\u001b[32m\"treeitem\"\u001b[39m\n    \u001b[33mstyle\u001b[39m=\u001b[32m\"padding-left: 20px;\"\u001b[39m\n    \u001b[33mtabindex\u001b[39m=\u001b[32m\"-1\"\u001b[39m\n    \u001b[33mtype\u001b[39m=\u001b[32m\"button\"\u001b[39m\n  \u001b[36m/>\u001b[39m\n\n  Name \"system\":\n  \u001b[36m<button\u001b[39m\n    \u001b[33maria-expanded\u001b[39m=\u001b[32m\"true\"\u001b[39m\n    \u001b[33maria-level\u001b[39m=\u001b[32m\"1\"\u001b[39m\n    \u001b[33maria-selected\u001b[39m=\u001b[32m\"false\"\u001b[39m\n    \u001b[33mclass\u001b[39m=\u001b[32m\"flex w-full items-center text-left text-slate-100 transition hover:bg-white/8 min-h-7 gap-1.5 rounded-md px-2 py-1 text-[12px] leading-5\"\u001b[39m\n    \u001b[33mrole\u001b[39m=\u001b[32m\"treeitem\"\u001b[39m\n    \u001b[33mstyle\u001b[39m=\u001b[32m\"padding-left: 8px;\"\u001b[39m\n    \u001b[33mtabindex\u001b[39m=\u001b[32m\"-1\"\u001b[39m\n    \u001b[33mtype\u001b[39m=\u001b[32m\"button\"\u001b[39m\n  \u001b[36m/>\u001b[39m\n\n  Name \"desktop\":\n  \u001b[36m<button\u001b[39m\n    \u001b[33maria-expanded\u001b[39m=\u001b[32m\"false\"\u001b[39m\n    \u001b[33maria-level\u001b[39m=\u001b[32m\"2\"\u001b[39m\n    \u001b[33maria-selected\u001b[39m=\u001b[32m\"false\"\u001b[39m\n    \u001b[33mclass\u001b[39m=\u001b[32m\"flex w-full items-center text-left text-slate-100 transition hover:bg-white/8 min-h-7 gap-1.5 rounded-md px-2 py-1 text-[12px] leading-5\"\u001b[39m\n    \u001b[33mrole\u001b[39m=\u001b[32m\"treeitem\"\u001b[39m\n    \u001b[33mstyle\u001b[39m=\u001b[32m\"padding-left: 20px;\"\u001b[39m\n    \u001b[33mtabindex\u001b[39m=\u001b[32m\"-1\"\u001b[39m\n    \u001b[33mtype\u001b[39m=\u001b[32m\"button\"\u001b[39m\n  \u001b[36m/>\u001b[39m\n\n  Name \"navigation\":\n  \u001b[36m<button\u001b[39m\n    \u001b[33maria-expanded\u001b[39m=\u001b[32m\"false\"\u001b[39m\n    \u001b[33maria-level\u001b[39m=\u001b[32m\"2\"\u001b[39m\n    \u001b[33maria-selected\u001b[39m=\u001b[32m\"false\"\u001b[39m\n    \u001b[33mclass\u001b[39m=\u001b[32m\"flex w-full items-center text-left text-slate-100 transition hover:bg-white/8 min-h-7 gap-1.5 rounded-md px-2 py-1 text-[12px] leading-5\"\u001b[39m\n    \u001b[33mrole\u001b[39m=\u001b[32m\"treeitem\"\u001b[39m\n    \u001b[33mstyle\u001b[39m=\u001b[32m\"padding-left: 20px;\"\u001b[39m\n    \u001b[33mtabindex\u001b[39m=\u001b[32m\"-1\"\u001b[39m\n    \u001b[33mtype\u001b[39m=\u001b[32m\"button\"\u001b[39m\n  \u001b[36m/>\u001b[39m\n\n  Name \"runtime\":\n  \u001b[36m<button\u001b[39m\n    \u001b[33maria-expanded\u001b[39m=\u001b[32m\"false\"\u001b[39m\n    \u001b[33maria-level\u001b[39m=\u001b[32m\"2\"\u001b[39m\n    \u001b[33maria-selected\u001b[39m=\u001b[32m\"false\"\u001b[39m\n    \u001b[33mclass\u001b[39m=\u001b[32m\"flex w-full items-center text-left text-slate-100 transition hover:bg-white/8 min-h-7 gap-1.5 rounded-md px-2 py-1 text-[12px] leading-5\"\u001b[39m\n    \u001b[33mrole\u001b[39m=\u001b[32m\"treeitem\"\u001b[39m\n    \u001b[33mstyle\u001b[39m=\u001b[32m\"padding-left: 20px;\"\u001b[39m\n    \u001b[33mtabindex\u001b[39m=\u001b[32m\"-1\"\u001b[39m\n    \u001b[33mtype\u001b[39m=\u001b[32m\"button\"\u001b[39m\n  \u001b[36m/>\u001b[39m\n\n  --------------------------------------------------\n  group:\n\n  Name \"\":\n  \u001b[36m<div\u001b[39m\n    \u001b[33mrole\u001b[39m=\u001b[32m\"group\"\u001b[39m\n  \u001b[36m/>\u001b[39m\n\n  Name \"\":\n  \u001b[36m<div\u001b[39m\n    \u001b[33mrole\u001b[39m=\u001b[32m\"group\"\u001b[39m\n  \u001b[36m/>\u001b[39m\n\n  Name \"\":\n  \u001b[36m<div\u001b[39m\n    \u001b[33mrole\u001b[39m=\u001b[32m\"group\"\u001b[39m\n  \u001b[36m/>\u001b[39m\n\n  Name \"\":\n  \u001b[36m<div\u001b[39m\n    \u001b[33mrole\u001b[39m=\u001b[32m\"group\"\u001b[39m\n  \u001b[36m/>\u001b[39m\n\n  --------------------------------------------------\n\nIgnored nodes: comments, script, style\n\u001b[36m<body>\u001b[39m\n  \u001b[36m<div>\u001b[39m\n    \u001b[36m<section\u001b[39m\n      \u001b[33mclass\u001b[39m=\u001b[32m\"absolute inset-0 z-20 flex min-h-0 items-stretch justify-center bg-[radial-gradient(circle_at_top,rgba(255,255,255,0.18),transparent_48%),rgba(7,18,25,0.16)] p-4 backdrop-blur-[10px] sm:p-6\"\u001b[39m\n    \u001b[36m>\u001b[39m\n      \u001b[36m<div\u001b[39m\n        \u001b[33mclass\u001b[39m=\u001b[32m\"shadow-shell border-shell flex h-full w-full min-h-0 overflow-hidden rounded-[32px] border bg-[hsl(var(--app-shell-panel)/0.94)] max-w-6xl\"\u001b[39m\n      \u001b[36m>\u001b[39m\n        \u001b[36m<aside\u001b[39m\n          \u001b[33mclass\u001b[39m=\u001b[32m\"bg-[linear-gradient(180deg,rgba(7,18,25,0.94),rgba(8,16,24,0.82))] border-shell flex min-h-0 shrink-0 flex-col border-r backdrop-blur-xl w-[284px] sm:w-[296px]\"\u001b[39m\n        \u001b[36m>\u001b[39m\n          \u001b[36m<div\u001b[39m\n            \u001b[33mclass\u001b[39m=\u001b[32m\"border-shell flex items-start justify-between gap-3 border-b px-3 py-3\"\u001b[39m\n          \u001b[36m>\u001b[39m\n            \u001b[36m<div>\u001b[39m\n              \u001b[36m<p\u001b[39m\n                \u001b[33mclass\u001b[39m=\u001b[32m\"text-[10px] uppercase tracking-[0.38em] text-slate-400\"\u001b[39m\n              \u001b[36m>\u001b[39m\n                \u001b[0mFiles\u001b[0m\n              \u001b[36m</p>\u001b[39m\n              \u001b[36m<h2\u001b[39m\n                \u001b[33mclass\u001b[39m=\u001b[32m\"mt-1 font-semibold text-white text-base\"\u001b[39m\n              \u001b[36m>\u001b[39m\n                \u001b[0mFile System\u001b[0m\n              \u001b[36m</h2>\u001b[39m\n              \u001b[36m<p\u001b[39m\n                \u001b[33mclass\u001b[39m=\u001b[32m\"mt-1 text-slate-400 text-[11px] leading-4\"\u001b[39m\n              \u001b[36m>\u001b[39m\n                \u001b[0mBrowse files and connected folders.\u001b[0m\n              \u001b[36m</p>\u001b[39m\n            \u001b[36m</div>\u001b[39m\n            \u001b[36m<div\u001b[39m\n              \u001b[33mclass\u001b[39m=\u001b[32m\"flex items-center gap-2\"\u001b[39m\n            \u001b[36m>\u001b[39m\n              \u001b[36m<button\u001b[39m\n                \u001b[33maria-label\u001b[39m=\u001b[32m\"Create desktop document\"\u001b[39m\n                \u001b[33mclass\u001b[39m=\u001b[32m\"rounded-full border border-emerald-400/35 bg-emerald-400/12 p-2 text-emerald-100 transition hover:bg-emerald-400/18\"\u001b[39m\n                \u001b[33mtype\u001b[39m=\u001b[32m\"button\"\u001b[39m\n              \u001b[36m>\u001b[39m\n                \u001b[36m<svg\u001b[39m\n                  \u001b[33maria-hidden\u001b[39m=\u001b[32m\"true\"\u001b[39m\n                  \u001b[33mclass\u001b[39m=\u001b[32m\"lucide lucide-plus h-3.5 w-3.5\"\u001b[39m\n                  \u001b[33mfill\u001b[39m=\u001b[32m\"none\"\u001b[39m\n                  \u001b[33mheight\u001b[39m=\u001b[32m\"24\"\u001b[39m\n                  \u001b[33mstroke\u001b[39m=\u001b[32m\"currentColor\"\u001b[39m\n                  \u001b[33mstroke-linecap\u001b[39m=\u001b[32m\"round\"\u001b[39m\n                  \u001b[33mstroke-linejoin\u001b[39m=\u001b[32m\"round\"\u001b[39m\n                  \u001b[33mstroke-width\u001b[39m=\u001b[32m\"2\"\u001b[39m\n                  \u001b[33mviewBox\u001b[39m=\u001b[32m\"0 0 24 24\"\u001b[39m\n                  \u001b[33mwidth\u001b[39m=\u001b[32m\"24\"\u001b[39m\n                  \u001b[33mxmlns\u001b[39m=\u001b[32m\"http://www.w3.org/2000/svg\"\u001b[39m\n                \u001b[36m>\u001b[39m\n                  \u001b[36m<path\u001b[39m\n                    \u001b[33md\u001b[39m=\u001b[32m\"M5 12h14\"\u001b[39m\n                  \u001b[36m/>\u001b[39m\n                  \u001b[36m<path\u001b[39m\n                    \u001b[33md\u001b[39m=\u001b[32m\"M12 5v14\"\u001b[39m\n                  \u001b[36m/>\u001b[39m\n                \u001b[36m</svg>\u001b[39m\n              \u001b[36m</button>\u001b[39m\n              \u001b[36m<button\u001b[39m\n                \u001b[33maria-label\u001b[39m=\u001b[32m\"Close desktop tool\"\u001b[39m\n                \u001b[33mclass\u001b[39m=\u001b[32m\"rounded-full border border-white/12 bg-white/8 p-2 text-slate-200 transition hover:bg-white/14\"\u001b[39m\n                \u001b[33mtype\u001b[39m=\u001b[32m\"button\"\u001b[39m\n              \u001b[36m>\u001b[39m\n                \u001b[36m<svg\u001b[39m\n                  \u001b[33maria-hidden\u001b[39m=\u001b[32m\"true\"\u001b[39m\n                  \u001b[33mclass\u001b[39m=\u001b[32m\"lucide lucide-x h-3.5 w-3.5\"\u001b[39m\n                  \u001b[33mfill\u001b[39m=\u001b[32m\"none\"\u001b[39m\n                  \u001b[33mheight\u001b[39m=\u001b[32m\"24\"\u001b[39m\n                  \u001b[33mstroke\u001b[39m=\u001b[32m\"currentColor\"\u001b[39m\n                  \u001b[33mstroke-linecap\u001b[39m=\u001b[32m\"round\"\u001b[39m\n                  \u001b[33mstroke-linejoin\u001b[39m=\u001b[32m\"round\"\u001b[39m\n                  \u001b[33mstroke-width\u001b[39m=\u001b[32m\"2\"\u001b[39m\n                  \u001b[33mviewBox\u001b[39m=\u001b[32m\"0 0 24 24\"\u001b[39m\n                  \u001b[33mwidth\u001b[39m=\u001b[32m\"24\"\u001b[39m\n                  \u001b[33mxmlns\u001b[39m=\u001b[32m\"http://www.w3.org/2000/svg\"\u001b[39m\n                \u001b[36m>\u001b[39m\n                  \u001b[36m<path\u001b[39m\n                    \u001b[33md\u001b[39m=\u001b[32m\"M18 6 6 18\"\u001b[39m\n                  \u001b[36m/>\u001b[39m\n                  \u001b[36m<path\u001b[39m\n                    \u001b[33md\u001b[39m=\u001b[32m\"m6 6 12 12\"\u001b[39m\n                  \u001b[36m/>\u001b[39m\n                \u001b[36m</svg>\u001b[39m\n              \u001b[36m</button>\u001b[39m\n            \u001b[36m</div>\u001b[39m\n          \u001b[36m</div>\u001b[39m\n          \u001b[36m<div\u001b[39m\n            \u001b[33mclass\u001b[39m=\u001b[32m\"border-shell border-b px-3 py-2.5\"\u001b[39m\n          \u001b[36m>\u001b[39m\n            \u001b[36m<label\u001b[39m\n              \u001b[33mclass\u001b[39m=\u001b[32m\"flex items-center gap-2 border border-white/10 bg-white/6 text-slate-200 rounded-xl px-2.5 py-1.5 text-[12px]\"\u001b[39m\n            \u001b[36m>\u001b[39m\n              \u001b[36m<svg\u001b[39m\n                \u001b[33maria-hidden\u001b[39m=\u001b[32m\"true\"\u001b[39m\n                \u001b[33mclass\u001b[39m=\u001b[32m\"lucide lucide-search text-slate-400 h-3.5 w-3.5\"\u001b[39m\n                \u001b[33mfill\u001b[39m=\u001b[32m\"none\"\u001b[39m\n                \u001b[33mheight\u001b[39m=\u001b[32m\"24\"\u001b[39m\n                \u001b[33mstroke\u001b[39m=\u001b[32m\"currentColor\"\u001b[39m\n                \u001b[33mstroke-linecap\u001b[39m=\u001b[32m\"round\"\u001b[39m\n                \u001b[33mstroke-linejoin\u001b[39m=\u001b[32m\"round\"\u001b[39m\n                \u001b[33mstroke-width\u001b[39m=\u001b[32m\"2\"\u001b[39m\n                \u001b[33mviewBox\u001b[39m=\u001b[32m\"0 0 24 24\"\u001b[39m\n                \u001b[33mwidth\u001b[39m=\u001b[32m\"24\"\u001b[39m\n                \u001b[33mxmlns\u001b[39m=\u001b[32m\"http://www.w3.org/2000/svg\"\u001b[39m\n              \u001b[36m>\u001b[39m\n                \u001b[36m<path\u001b[39m\n                  \u001b[33md\u001b[39m=\u001b[32m\"m21 21-4.34-4.34\"\u001b[39m\n                \u001b[36m/>\u001b[39m\n                \u001b[36m<circle\u001b[39m\n                  \u001b[33mcx\u001b[39m=\u001b[32m\"11\"\u001b[39m\n                  \u001b[33mcy\u001b[39m=\u001b[32m\"11\"\u001b[39m\n                  \u001b[33mr\u001b[39m=\u001b[32m\"8\"\u001b[39m\n                \u001b[36m/>\u001b[39m\n              \u001b[36m</svg>\u001b[39m\n              \u001b[36m<input\u001b[39m\n                \u001b[33mclass\u001b[39m=\u001b[32m\"w-full bg-transparent outline-none placeholder:text-slate-500\"\u001b[39m\n                \u001b[33mplaceholder\u001b[39m=\u001b[32m\"Filter files, workspaces, system\"\u001b[39m\n                \u001b[33mvalue\u001b[39m=\u001b[32m\"\"\u001b[39m\n              \u001b[36m/>\u001b[39m\n            \u001b[36m</label>\u001b[39m\n            \u001b[36m<div\u001b[39m\n              \u001b[33mclass\u001b[39m=\u001b[32m\"mt-2 flex items-center justify-between gap-2 flex-wrap\"\u001b[39m\n            \u001b[36m>\u001b[39m\n              \u001b[36m<div\u001b[39m\n                \u001b[33mclass\u001b[39m=\u001b[32m\"inline-flex items-center rounded-xl border border-white/10 bg-white/5 p-1\"\u001b[39m\n              \u001b[36m>\u001b[39m\n                \u001b[36m<button\u001b[39m\n                  \u001b[33maria-label\u001b[39m=\u001b[32m\"Compact density\"\u001b[39m\n                  \u001b[33maria-pressed\u001b[39m=\u001b[32m\"true\"\u001b[39m\n                  \u001b[33mclass\u001b[39m=\u001b[32m\"rounded-lg px-2.5 py-1 text-[11px] font-medium transition bg-white/14 text-white\"\u001b[39m\n                  \u001b[33mtype\u001b[39m=\u001b[32m\"button\"\u001b[39m\n                \u001b[36m>\u001b[39m\n                  \u001b[0mCompact\u001b[0m\n                \u001b[36m</button>\u001b[39m\n                \u001b[36m<button\u001b[39m\n                  \u001b[33maria-label\u001b[39...\n    at Object.getElementError (/Volumes/AppDen/AppsHom/bijmantra/frontend/node_modules/@testing-library/dom/dist/config.js:37:19)\n    at /Volumes/AppDen/AppsHom/bijmantra/frontend/node_modules/@testing-library/dom/dist/query-helpers.js:76:38\n    at /Volumes/AppDen/AppsHom/bijmantra/frontend/node_modules/@testing-library/dom/dist/query-helpers.js:52:17\n    at /Volumes/AppDen/AppsHom/bijmantra/frontend/node_modules/@testing-library/dom/dist/query-helpers.js:95:19\n    at /Volumes/AppDen/AppsHom/bijmantra/frontend/src/framework/shell/DesktopWorkbench.test.tsx:457:28\n    at file:///Volumes/AppDen/AppsHom/bijmantra/frontend/node_modules/@vitest/runner/dist/index.js:915:20"],"meta":{}},{"ancestorTitles":["DesktopWorkbench local explorer"],"fullName":"DesktopWorkbench local explorer saves a local file and clears the dirty state after a successful write","status":"failed","title":"saves a local file and clears the dirty state after a successful write","duration":364.0919170000002,"failureMessages":["TestingLibraryElementError: Unable to find an accessible element with the role \"button\" and name \"notes.md\"\n\nHere are the accessible roles:\n\n  complementary:\n\n  Name \"\":\n  \u001b[36m<aside\u001b[39m\n    \u001b[33mclass\u001b[39m=\u001b[32m\"bg-[linear-gradient(180deg,rgba(7,18,25,0.94),rgba(8,16,24,0.82))] border-shell flex min-h-0 shrink-0 flex-col border-r backdrop-blur-xl w-[284px] sm:w-[296px]\"\u001b[39m\n  \u001b[36m/>\u001b[39m\n\n  Name \"\":\n  \u001b[36m<aside\u001b[39m\n    \u001b[33mclass\u001b[39m=\u001b[32m\"bg-shell-muted/30 border-shell flex min-h-[14rem] flex-col gap-4 border-t px-4 py-4 xl:border-l xl:border-t-0\"\u001b[39m\n  \u001b[36m/>\u001b[39m\n\n  --------------------------------------------------\n  paragraph:\n\n  Name \"\":\n  \u001b[36m<p\u001b[39m\n    \u001b[33mclass\u001b[39m=\u001b[32m\"text-[10px] uppercase tracking-[0.38em] text-slate-400\"\u001b[39m\n  \u001b[36m/>\u001b[39m\n\n  Name \"\":\n  \u001b[36m<p\u001b[39m\n    \u001b[33mclass\u001b[39m=\u001b[32m\"mt-1 text-slate-400 text-[11px] leading-4\"\u001b[39m\n  \u001b[36m/>\u001b[39m\n\n  Name \"\":\n  \u001b[36m<p\u001b[39m\n    \u001b[33mclass\u001b[39m=\u001b[32m\"mt-2 text-slate-400 text-[11px] leading-4\"\u001b[39m\n  \u001b[36m/>\u001b[39m\n\n  Name \"\":\n  \u001b[36m<p\u001b[39m\n    \u001b[33mclass\u001b[39m=\u001b[32m\"mt-2 text-slate-400 text-[11px] leading-4\"\u001b[39m\n  \u001b[36m/>\u001b[39m\n\n  Name \"\":\n  \u001b[36m<p\u001b[39m\n    \u001b[33mclass\u001b[39m=\u001b[32m\"text-[10px] uppercase tracking-[0.34em] text-shell-muted\"\u001b[39m\n  \u001b[36m/>\u001b[39m\n\n  Name \"\":\n  \u001b[36m<p\u001b[39m\n    \u001b[33mclass\u001b[39m=\u001b[32m\"text-[10px] uppercase tracking-[0.3em] text-shell-muted\"\u001b[39m\n  \u001b[36m/>\u001b[39m\n\n  Name \"\":\n  \u001b[36m<p\u001b[39m\n    \u001b[33mclass\u001b[39m=\u001b[32m\"mt-2 break-all text-sm text-shell-muted\"\u001b[39m\n  \u001b[36m/>\u001b[39m\n\n  Name \"\":\n  \u001b[36m<p\u001b[39m\n    \u001b[33mclass\u001b[39m=\u001b[32m\"text-[10px] uppercase tracking-[0.34em] text-shell-muted\"\u001b[39m\n  \u001b[36m/>\u001b[39m\n\n  Name \"\":\n  \u001b[36m<p\u001b[39m\n    \u001b[33mclass\u001b[39m=\u001b[32m\"font-medium text-shell\"\u001b[39m\n  \u001b[36m/>\u001b[39m\n\n  Name \"\":\n  \u001b[36m<p\u001b[39m\n    \u001b[33mclass\u001b[39m=\u001b[32m\"mt-2\"\u001b[39m\n  \u001b[36m/>\u001b[39m\n\n  --------------------------------------------------\n  heading:\n\n  Name \"File System\":\n  \u001b[36m<h2\u001b[39m\n    \u001b[33mclass\u001b[39m=\u001b[32m\"mt-1 font-semibold text-white text-base\"\u001b[39m\n  \u001b[36m/>\u001b[39m\n\n  Name \"Files\":\n  \u001b[36m<h2\u001b[39m\n    \u001b[33mclass\u001b[39m=\u001b[32m\"mt-1 font-semibold text-shell text-base\"\u001b[39m\n  \u001b[36m/>\u001b[39m\n\n  Name \"desktop-runtime.json\":\n  \u001b[36m<h3\u001b[39m\n    \u001b[33mclass\u001b[39m=\u001b[32m\"mt-2 text-xl font-semibold text-shell\"\u001b[39m\n  \u001b[36m/>\u001b[39m\n\n  Name \"desktop-runtime.json\":\n  \u001b[36m<h3\u001b[39m\n    \u001b[33mclass\u001b[39m=\u001b[32m\"mt-1 text-base font-semibold text-shell\"\u001b[39m\n  \u001b[36m/>\u001b[39m\n\n  --------------------------------------------------\n  button:\n\n  Name \"Create desktop document\":\n  \u001b[36m<button\u001b[39m\n    \u001b[33maria-label\u001b[39m=\u001b[32m\"Create desktop document\"\u001b[39m\n    \u001b[33mclass\u001b[39m=\u001b[32m\"rounded-full border border-emerald-400/35 bg-emerald-400/12 p-2 text-emerald-100 transition hover:bg-emerald-400/18\"\u001b[39m\n    \u001b[33mtype\u001b[39m=\u001b[32m\"button\"\u001b[39m\n  \u001b[36m/>\u001b[39m\n\n  Name \"Close desktop tool\":\n  \u001b[36m<button\u001b[39m\n    \u001b[33maria-label\u001b[39m=\u001b[32m\"Close desktop tool\"\u001b[39m\n    \u001b[33mclass\u001b[39m=\u001b[32m\"rounded-full border border-white/12 bg-white/8 p-2 text-slate-200 transition hover:bg-white/14\"\u001b[39m\n    \u001b[33mtype\u001b[39m=\u001b[32m\"button\"\u001b[39m\n  \u001b[36m/>\u001b[39m\n\n  Name \"Compact density\":\n  \u001b[36m<button\u001b[39m\n    \u001b[33maria-label\u001b[39m=\u001b[32m\"Compact density\"\u001b[39m\n    \u001b[33maria-pressed\u001b[39m=\u001b[32m\"true\"\u001b[39m\n    \u001b[33mclass\u001b[39m=\u001b[32m\"rounded-lg px-2.5 py-1 text-[11px] font-medium transition bg-white/14 text-white\"\u001b[39m\n    \u001b[33mtype\u001b[39m=\u001b[32m\"button\"\u001b[39m\n  \u001b[36m/>\u001b[39m\n\n  Name \"Comfortable density\":\n  \u001b[36m<button\u001b[39m\n    \u001b[33maria-label\u001b[39m=\u001b[32m\"Comfortable density\"\u001b[39m\n    \u001b[33maria-pressed\u001b[39m=\u001b[32m\"false\"\u001b[39m\n    \u001b[33mclass\u001b[39m=\u001b[32m\"rounded-lg px-2.5 py-1 text-[11px] font-medium transition text-slate-400 hover:text-slate-200\"\u001b[39m\n    \u001b[33mtype\u001b[39m=\u001b[32m\"button\"\u001b[39m\n  \u001b[36m/>\u001b[39m\n\n  Name \"Reconnect Folder\":\n  \u001b[36m<button\u001b[39m\n    \u001b[33mclass\u001b[39m=\u001b[32m\"inline-flex items-center gap-1.5 border border-white/12 bg-white/8 font-medium text-slate-100 transition hover:bg-white/12 disabled:cursor-not-allowed disabled:opacity-60 rounded-xl px-2.5 py-1.5 text-[11px]\"\u001b[39m\n    \u001b[33mtype\u001b[39m=\u001b[32m\"button\"\u001b[39m\n  \u001b[36m/>\u001b[39m\n\n  Name \"Refresh\":\n  \u001b[36m<button\u001b[39m\n    \u001b[33mclass\u001b[39m=\u001b[32m\"inline-flex items-center gap-1.5 border border-white/12 text-slate-300 transition hover:bg-white/8 rounded-xl px-2.5 py-1.5 text-[11px]\"\u001b[39m\n    \u001b[33mtype\u001b[39m=\u001b[32m\"button\"\u001b[39m\n  \u001b[36m/>\u001b[39m\n\n  Name \"Open Editor\":\n  \u001b[36m<button\u001b[39m\n    \u001b[33mclass\u001b[39m=\u001b[32m\"inline-flex items-center gap-2 border border-emerald-300/60 bg-emerald-50 font-semibold text-emerald-700 transition hover:bg-emerald-100 dark:border-emerald-700/60 dark:bg-emerald-900/25 dark:text-emerald-200 dark:hover:bg-emerald-900/40 rounded-xl px-2.5 py-1.5 text-[11px]\"\u001b[39m\n    \u001b[33mtype\u001b[39m=\u001b[32m\"button\"\u001b[39m\n  \u001b[36m/>\u001b[39m\n\n  --------------------------------------------------\n  textbox:\n\n  Name \"\":\n  \u001b[36m<input\u001b[39m\n    \u001b[33mclass\u001b[39m=\u001b[32m\"w-full bg-transparent outline-none placeholder:text-slate-500\"\u001b[39m\n    \u001b[33mplaceholder\u001b[39m=\u001b[32m\"Filter files, workspaces, system\"\u001b[39m\n    \u001b[33mvalue\u001b[39m=\u001b[32m\"\"\u001b[39m\n  \u001b[36m/>\u001b[39m\n\n  --------------------------------------------------\n  tree:\n\n  Name \"Workbench explorer\":\n  \u001b[36m<div\u001b[39m\n    \u001b[33maria-label\u001b[39m=\u001b[32m\"Workbench explorer\"\u001b[39m\n    \u001b[33mclass\u001b[39m=\u001b[32m\"space-y-0.5\"\u001b[39m\n    \u001b[33mrole\u001b[39m=\u001b[32m\"tree\"\u001b[39m\n  \u001b[36m/>\u001b[39m\n\n  --------------------------------------------------\n  treeitem:\n\n  Name \"local\":\n  \u001b[36m<button\u001b[39m\n    \u001b[33maria-expanded\u001b[39m=\u001b[32m\"true\"\u001b[39m\n    \u001b[33maria-level\u001b[39m=\u001b[32m\"1\"\u001b[39m\n    \u001b[33maria-selected\u001b[39m=\u001b[32m\"false\"\u001b[39m\n    \u001b[33mclass\u001b[39m=\u001b[32m\"flex w-full items-center text-left text-slate-100 transition hover:bg-white/8 min-h-7 gap-1.5 rounded-md px-2 py-1 text-[12px] leading-5\"\u001b[39m\n    \u001b[33mrole\u001b[39m=\u001b[32m\"treeitem\"\u001b[39m\n    \u001b[33mstyle\u001b[39m=\u001b[32m\"padding-left: 8px;\"\u001b[39m\n    \u001b[33mtabindex\u001b[39m=\u001b[32m\"-1\"\u001b[39m\n    \u001b[33mtype\u001b[39m=\u001b[32m\"button\"\u001b[39m\n  \u001b[36m/>\u001b[39m\n\n  Name \"workspace\":\n  \u001b[36m<button\u001b[39m\n    \u001b[33maria-expanded\u001b[39m=\u001b[32m\"true\"\u001b[39m\n    \u001b[33maria-level\u001b[39m=\u001b[32m\"2\"\u001b[39m\n    \u001b[33maria-selected\u001b[39m=\u001b[32m\"false\"\u001b[39m\n    \u001b[33mclass\u001b[39m=\u001b[32m\"flex w-full items-center text-left text-slate-100 transition hover:bg-white/8 min-h-7 gap-1.5 rounded-md px-2 py-1 text-[12px] leading-5\"\u001b[39m\n    \u001b[33mrole\u001b[39m=\u001b[32m\"treeitem\"\u001b[39m\n    \u001b[33mstyle\u001b[39m=\u001b[32m\"padding-left: 20px;\"\u001b[39m\n    \u001b[33mtabindex\u001b[39m=\u001b[32m\"-1\"\u001b[39m\n    \u001b[33mtype\u001b[39m=\u001b[32m\"button\"\u001b[39m\n  \u001b[36m/>\u001b[39m\n\n  Name \"notes.md\":\n  \u001b[36m<button\u001b[39m\n    \u001b[33maria-level\u001b[39m=\u001b[32m\"3\"\u001b[39m\n    \u001b[33maria-selected\u001b[39m=\u001b[32m\"false\"\u001b[39m\n    \u001b[33mclass\u001b[39m=\u001b[32m\"flex w-full items-center text-left transition min-h-7 gap-1.5 rounded-md px-2 py-1 text-[12px] leading-5 text-slate-200/80 hover:bg-white/8 hover:text-white\"\u001b[39m\n    \u001b[33mrole\u001b[39m=\u001b[32m\"treeitem\"\u001b[39m\n    \u001b[33mstyle\u001b[39m=\u001b[32m\"padding-left: 32px;\"\u001b[39m\n    \u001b[33mtabindex\u001b[39m=\u001b[32m\"-1\"\u001b[39m\n    \u001b[33mtype\u001b[39m=\u001b[32m\"button\"\u001b[39m\n  \u001b[36m/>\u001b[39m\n\n  Name \"platform\":\n  \u001b[36m<button\u001b[39m\n    \u001b[33maria-expanded\u001b[39m=\u001b[32m\"true\"\u001b[39m\n    \u001b[33maria-level\u001b[39m=\u001b[32m\"1\"\u001b[39m\n    \u001b[33maria-selected\u001b[39m=\u001b[32m\"false\"\u001b[39m\n    \u001b[33mclass\u001b[39m=\u001b[32m\"flex w-full items-center text-left text-slate-100 transition hover:bg-white/8 min-h-7 gap-1.5 rounded-md px-2 py-1 text-[12px] leading-5\"\u001b[39m\n    \u001b[33mrole\u001b[39m=\u001b[32m\"treeitem\"\u001b[39m\n    \u001b[33mstyle\u001b[39m=\u001b[32m\"padding-left: 8px;\"\u001b[39m\n    \u001b[33mtabindex\u001b[39m=\u001b[32m\"0\"\u001b[39m\n    \u001b[33mtype\u001b[39m=\u001b[32m\"button\"\u001b[39m\n  \u001b[36m/>\u001b[39m\n\n  Name \"divisions\":\n  \u001b[36m<button\u001b[39m\n    \u001b[33maria-expanded\u001b[39m=\u001b[32m\"false\"\u001b[39m\n    \u001b[33maria-level\u001b[39m=\u001b[32m\"2\"\u001b[39m\n    \u001b[33maria-selected\u001b[39m=\u001b[32m\"false\"\u001b[39m\n    \u001b[33mclass\u001b[39m=\u001b[32m\"flex w-full items-center text-left text-slate-100 transition hover:bg-white/8 min-h-7 gap-1.5 rounded-md px-2 py-1 text-[12px] leading-5\"\u001b[39m\n    \u001b[33mrole\u001b[39m=\u001b[32m\"treeitem\"\u001b[39m\n    \u001b[33mstyle\u001b[39m=\u001b[32m\"padding-left: 20px;\"\u001b[39m\n    \u001b[33mtabindex\u001b[39m=\u001b[32m\"-1\"\u001b[39m\n    \u001b[33mtype\u001b[39m=\u001b[32m\"button\"\u001b[39m\n  \u001b[36m/>\u001b[39m\n\n  Name \"modules\":\n  \u001b[36m<button\u001b[39m\n    \u001b[33maria-expanded\u001b[39m=\u001b[32m\"false\"\u001b[39m\n    \u001b[33maria-level\u001b[39m=\u001b[32m\"2\"\u001b[39m\n    \u001b[33maria-selected\u001b[39m=\u001b[32m\"false\"\u001b[39m\n    \u001b[33mclass\u001b[39m=\u001b[32m\"flex w-full items-center text-left text-slate-100 transition hover:bg-white/8 min-h-7 gap-1.5 rounded-md px-2 py-1 text-[12px] leading-5\"\u001b[39m\n    \u001b[33mrole\u001b[39m=\u001b[32m\"treeitem\"\u001b[39m\n    \u001b[33mstyle\u001b[39m=\u001b[32m\"padding-left: 20px;\"\u001b[39m\n    \u001b[33mtabindex\u001b[39m=\u001b[32m\"-1\"\u001b[39m\n    \u001b[33mtype\u001b[39m=\u001b[32m\"button\"\u001b[39m\n  \u001b[36m/>\u001b[39m\n\n  Name \"workspaces\":\n  \u001b[36m<button\u001b[39m\n    \u001b[33maria-expanded\u001b[39m=\u001b[32m\"false\"\u001b[39m\n    \u001b[33maria-level\u001b[39m=\u001b[32m\"2\"\u001b[39m\n    \u001b[33maria-selected\u001b[39m=\u001b[32m\"false\"\u001b[39m\n    \u001b[33mclass\u001b[39m=\u001b[32m\"flex w-full items-center text-left text-slate-100 transition hover:bg-white/8 min-h-7 gap-1.5 rounded-md px-2 py-1 text-[12px] leading-5\"\u001b[39m\n    \u001b[33mrole\u001b[39m=\u001b[32m\"treeitem\"\u001b[39m\n    \u001b[33mstyle\u001b[39m=\u001b[32m\"padding-left: 20px;\"\u001b[39m\n    \u001b[33mtabindex\u001b[39m=\u001b[32m\"-1\"\u001b[39m\n    \u001b[33mtype\u001b[39m=\u001b[32m\"button\"\u001b[39m\n  \u001b[36m/>\u001b[39m\n\n  Name \"system\":\n  \u001b[36m<button\u001b[39m\n    \u001b[33maria-expanded\u001b[39m=\u001b[32m\"true\"\u001b[39m\n    \u001b[33maria-level\u001b[39m=\u001b[32m\"1\"\u001b[39m\n    \u001b[33maria-selected\u001b[39m=\u001b[32m\"false\"\u001b[39m\n    \u001b[33mclass\u001b[39m=\u001b[32m\"flex w-full items-center text-left text-slate-100 transition hover:bg-white/8 min-h-7 gap-1.5 rounded-md px-2 py-1 text-[12px] leading-5\"\u001b[39m\n    \u001b[33mrole\u001b[39m=\u001b[32m\"treeitem\"\u001b[39m\n    \u001b[33mstyle\u001b[39m=\u001b[32m\"padding-left: 8px;\"\u001b[39m\n    \u001b[33mtabindex\u001b[39m=\u001b[32m\"-1\"\u001b[39m\n    \u001b[33mtype\u001b[39m=\u001b[32m\"button\"\u001b[39m\n  \u001b[36m/>\u001b[39m\n\n  Name \"desktop\":\n  \u001b[36m<button\u001b[39m\n    \u001b[33maria-expanded\u001b[39m=\u001b[32m\"false\"\u001b[39m\n    \u001b[33maria-level\u001b[39m=\u001b[32m\"2\"\u001b[39m\n    \u001b[33maria-selected\u001b[39m=\u001b[32m\"false\"\u001b[39m\n    \u001b[33mclass\u001b[39m=\u001b[32m\"flex w-full items-center text-left text-slate-100 transition hover:bg-white/8 min-h-7 gap-1.5 rounded-md px-2 py-1 text-[12px] leading-5\"\u001b[39m\n    \u001b[33mrole\u001b[39m=\u001b[32m\"treeitem\"\u001b[39m\n    \u001b[33mstyle\u001b[39m=\u001b[32m\"padding-left: 20px;\"\u001b[39m\n    \u001b[33mtabindex\u001b[39m=\u001b[32m\"-1\"\u001b[39m\n    \u001b[33mtype\u001b[39m=\u001b[32m\"button\"\u001b[39m\n  \u001b[36m/>\u001b[39m\n\n  Name \"navigation\":\n  \u001b[36m<button\u001b[39m\n    \u001b[33maria-expanded\u001b[39m=\u001b[32m\"false\"\u001b[39m\n    \u001b[33maria-level\
[...]
t-emerald-700 transition hover:bg-emerald-100 dark:border-emerald-700/60 dark:bg-emerald-900/25 dark:text-emerald-200 dark:hover:bg-emerald-900/40 rounded-xl px-2.5 py-1.5 text-[11px]\"\u001b[39m\n    \u001b[33mtype\u001b[39m=\u001b[32m\"button\"\u001b[39m\n  \u001b[36m/>\u001b[39m\n\n  --------------------------------------------------\n  textbox:\n\n  Name \"\":\n  \u001b[36m<input\u001b[39m\n    \u001b[33mclass\u001b[39m=\u001b[32m\"w-full bg-transparent outline-none placeholder:text-slate-500\"\u001b[39m\n    \u001b[33mplaceholder\u001b[39m=\u001b[32m\"Filter files, workspaces, system\"\u001b[39m\n    \u001b[33mvalue\u001b[39m=\u001b[32m\"\"\u001b[39m\n  \u001b[36m/>\u001b[39m\n\n  --------------------------------------------------\n  tree:\n\n  Name \"Workbench explorer\":\n  \u001b[36m<div\u001b[39m\n    \u001b[33maria-label\u001b[39m=\u001b[32m\"Workbench explorer\"\u001b[39m\n    \u001b[33mclass\u001b[39m=\u001b[32m\"space-y-0.5\"\u001b[39m\n    \u001b[33mrole\u001b[39m=\u001b[32m\"tree\"\u001b[39m\n  \u001b[36m/>\u001b[39m\n\n  --------------------------------------------------\n  treeitem:\n\n  Name \"local\":\n  \u001b[36m<button\u001b[39m\n    \u001b[33maria-expanded\u001b[39m=\u001b[32m\"true\"\u001b[39m\n    \u001b[33maria-level\u001b[39m=\u001b[32m\"1\"\u001b[39m\n    \u001b[33maria-selected\u001b[39m=\u001b[32m\"false\"\u001b[39m\n    \u001b[33mclass\u001b[39m=\u001b[32m\"flex w-full items-center text-left text-slate-100 transition hover:bg-white/8 min-h-7 gap-1.5 rounded-md px-2 py-1 text-[12px] leading-5\"\u001b[39m\n    \u001b[33mrole\u001b[39m=\u001b[32m\"treeitem\"\u001b[39m\n    \u001b[33mstyle\u001b[39m=\u001b[32m\"padding-left: 8px;\"\u001b[39m\n    \u001b[33mtabindex\u001b[39m=\u001b[32m\"-1\"\u001b[39m\n    \u001b[33mtype\u001b[39m=\u001b[32m\"button\"\u001b[39m\n  \u001b[36m/>\u001b[39m\n\n  Name \"workspace\":\n  \u001b[36m<button\u001b[39m\n    \u001b[33maria-expanded\u001b[39m=\u001b[32m\"true\"\u001b[39m\n    \u001b[33maria-level\u001b[39m=\u001b[32m\"2\"\u001b[39m\n    \u001b[33maria-selected\u001b[39m=\u001b[32m\"false\"\u001b[39m\n    \u001b[33mclass\u001b[39m=\u001b[32m\"flex w-full items-center text-left text-slate-100 transition hover:bg-white/8 min-h-7 gap-1.5 rounded-md px-2 py-1 text-[12px] leading-5\"\u001b[39m\n    \u001b[33mrole\u001b[39m=\u001b[32m\"treeitem\"\u001b[39m\n    \u001b[33mstyle\u001b[39m=\u001b[32m\"padding-left: 20px;\"\u001b[39m\n    \u001b[33mtabindex\u001b[39m=\u001b[32m\"-1\"\u001b[39m\n    \u001b[33mtype\u001b[39m=\u001b[32m\"button\"\u001b[39m\n  \u001b[36m/>\u001b[39m\n\n  Name \"notes.md\":\n  \u001b[36m<button\u001b[39m\n    \u001b[33maria-level\u001b[39m=\u001b[32m\"3\"\u001b[39m\n    \u001b[33maria-selected\u001b[39m=\u001b[32m\"false\"\u001b[39m\n    \u001b[33mclass\u001b[39m=\u001b[32m\"flex w-full items-center text-left transition min-h-7 gap-1.5 rounded-md px-2 py-1 text-[12px] leading-5 text-slate-200/80 hover:bg-white/8 hover:text-white\"\u001b[39m\n    \u001b[33mrole\u001b[39m=\u001b[32m\"treeitem\"\u001b[39m\n    \u001b[33mstyle\u001b[39m=\u001b[32m\"padding-left: 32px;\"\u001b[39m\n    \u001b[33mtabindex\u001b[39m=\u001b[32m\"-1\"\u001b[39m\n    \u001b[33mtype\u001b[39m=\u001b[32m\"button\"\u001b[39m\n  \u001b[36m/>\u001b[39m\n\n  Name \"platform\":\n  \u001b[36m<button\u001b[39m\n    \u001b[33maria-expanded\u001b[39m=\u001b[32m\"true\"\u001b[39m\n    \u001b[33maria-level\u001b[39m=\u001b[32m\"1\"\u001b[39m\n    \u001b[33maria-selected\u001b[39m=\u001b[32m\"false\"\u001b[39m\n    \u001b[33mclass\u001b[39m=\u001b[32m\"flex w-full items-center text-left text-slate-100 transition hover:bg-white/8 min-h-7 gap-1.5 rounded-md px-2 py-1 text-[12px] leading-5\"\u001b[39m\n    \u001b[33mrole\u001b[39m=\u001b[32m\"treeitem\"\u001b[39m\n    \u001b[33mstyle\u001b[39m=\u001b[32m\"padding-left: 8px;\"\u001b[39m\n    \u001b[33mtabindex\u001b[39m=\u001b[32m\"0\"\u001b[39m\n    \u001b[33mtype\u001b[39m=\u001b[32m\"button\"\u001b[39m\n  \u001b[36m/>\u001b[39m\n\n  Name \"divisions\":\n  \u001b[36m<button\u001b[39m\n    \u001b[33maria-expanded\u001b[39m=\u001b[32m\"false\"\u001b[39m\n    \u001b[33maria-level\u001b[39m=\u001b[32m\"2\"\u001b[39m\n    \u001b[33maria-selected\u001b[39m=\u001b[32m\"false\"\u001b[39m\n    \u001b[33mclass\u001b[39m=\u001b[32m\"flex w-full items-center text-left text-slate-100 transition hover:bg-white/8 min-h-7 gap-1.5 rounded-md px-2 py-1 text-[12px] leading-5\"\u001b[39m\n    \u001b[33mrole\u001b[39m=\u001b[32m\"treeitem\"\u001b[39m\n    \u001b[33mstyle\u001b[39m=\u001b[32m\"padding-left: 20px;\"\u001b[39m\n    \u001b[33mtabindex\u001b[39m=\u001b[32m\"-1\"\u001b[39m\n    \u001b[33mtype\u001b[39m=\u001b[32m\"button\"\u001b[39m\n  \u001b[36m/>\u001b[39m\n\n  Name \"modules\":\n  \u001b[36m<button\u001b[39m\n    \u001b[33maria-expanded\u001b[39m=\u001b[32m\"false\"\u001b[39m\n    \u001b[33maria-level\u001b[39m=\u001b[32m\"2\"\u001b[39m\n    \u001b[33maria-selected\u001b[39m=\u001b[32m\"false\"\u001b[39m\n    \u001b[33mclass\u001b[39m=\u001b[32m\"flex w-full items-center text-left text-slate-100 transition hover:bg-white/8 min-h-7 gap-1.5 rounded-md px-2 py-1 text-[12px] leading-5\"\u001b[39m\n    \u001b[33mrole\u001b[39m=\u001b[32m\"treeitem\"\u001b[39m\n    \u001b[33mstyle\u001b[39m=\u001b[32m\"padding-left: 20px;\"\u001b[39m\n    \u001b[33mtabindex\u001b[39m=\u001b[32m\"-1\"\u001b[39m\n    \u001b[33mtype\u001b[39m=\u001b[32m\"button\"\u001b[39m\n  \u001b[36m/>\u001b[39m\n\n  Name \"workspaces\":\n  \u001b[36m<button\u001b[39m\n    \u001b[33maria-expanded\u001b[39m=\u001b[32m\"false\"\u001b[39m\n    \u001b[33maria-level\u001b[39m=\u001b[32m\"2\"\u001b[39m\n    \u001b[33maria-selected\u001b[39m=\u001b[32m\"false\"\u001b[39m\n    \u001b[33mclass\u001b[39m=\u001b[32m\"flex w-full items-center text-left text-slate-100 transition hover:bg-white/8 min-h-7 gap-1.5 rounded-md px-2 py-1 text-[12px] leading-5\"\u001b[39m\n    \u001b[33mrole\u001b[39m=\u001b[32m\"treeitem\"\u001b[39m\n    \u001b[33mstyle\u001b[39m=\u001b[32m\"padding-left: 20px;\"\u001b[39m\n    \u001b[33mtabindex\u001b[39m=\u001b[32m\"-1\"\u001b[39m\n    \u001b[33mtype\u001b[39m=\u001b[32m\"button\"\u001b[39m\n  \u001b[36m/>\u001b[39m\n\n  Name \"system\":\n  \u001b[36m<button\u001b[39m\n    \u001b[33maria-expanded\u001b[39m=\u001b[32m\"true\"\u001b[39m\n    \u001b[33maria-level\u001b[39m=\u001b[32m\"1\"\u001b[39m\n    \u001b[33maria-selected\u001b[39m=\u001b[32m\"false\"\u001b[39m\n    \u001b[33mclass\u001b[39m=\u001b[32m\"flex w-full items-center text-left text-slate-100 transition hover:bg-white/8 min-h-7 gap-1.5 rounded-md px-2 py-1 text-[12px] leading-5\"\u001b[39m\n    \u001b[33mrole\u001b[39m=\u001b[32m\"treeitem\"\u001b[39m\n    \u001b[33mstyle\u001b[39m=\u001b[32m\"padding-left: 8px;\"\u001b[39m\n    \u001b[33mtabindex\u001b[39m=\u001b[32m\"-1\"\u001b[39m\n    \u001b[33mtype\u001b[39m=\u001b[32m\"button\"\u001b[39m\n  \u001b[36m/>\u001b[39m\n\n  Name \"desktop\":\n  \u001b[36m<button\u001b[39m\n    \u001b[33maria-expanded\u001b[39m=\u001b[32m\"false\"\u001b[39m\n    \u001b[33maria-level\u001b[39m=\u001b[32m\"2\"\u001b[39m\n    \u001b[33maria-selected\u001b[39m=\u001b[32m\"false\"\u001b[39m\n    \u001b[33mclass\u001b[39m=\u001b[32m\"flex w-full items-center text-left text-slate-100 transition hover:bg-white/8 min-h-7 gap-1.5 rounded-md px-2 py-1 text-[12px] leading-5\"\u001b[39m\n    \u001b[33mrole\u001b[39m=\u001b[32m\"treeitem\"\u001b[39m\n    \u001b[33mstyle\u001b[39m=\u001b[32m\"padding-left: 20px;\"\u001b[39m\n    \u001b[33mtabindex\u001b[39m=\u001b[32m\"-1\"\u001b[39m\n    \u001b[33mtype\u001b[39m=\u001b[32m\"button\"\u001b[39m\n  \u001b[36m/>\u001b[39m\n\n  Name \"navigation\":\n  \u001b[36m<button\u001b[39m\n    \u001b[33maria-expanded\u001b[39m=\u001b[32m\"false\"\u001b[39m\n    \u001b[33maria-level\u001b[39m=\u001b[32m\"2\"\u001b[39m\n    \u001b[33maria-selected\u001b[39m=\u001b[32m\"false\"\u001b[39m\n    \u001b[33mclass\u001b[39m=\u001b[32m\"flex w-full items-center text-left text-slate-100 transition hover:bg-white/8 min-h-7 gap-1.5 rounded-md px-2 py-1 text-[12px] leading-5\"\u001b[39m\n    \u001b[33mrole\u001b[39m=\u001b[32m\"treeitem\"\u001b[39m\n    \u001b[33mstyle\u001b[39m=\u001b[32m\"padding-left: 20px;\"\u001b[39m\n    \u001b[33mtabindex\u001b[39m=\u001b[32m\"-1\"\u001b[39m\n    \u001b[33mtype\u001b[39m=\u001b[32m\"button\"\u001b[39m\n  \u001b[36m/>\u001b[39m\n\n  Name \"runtime\":\n  \u001b[36m<button\u001b[39m\n    \u001b[33maria-expanded\u001b[39m=\u001b[32m\"false\"\u001b[39m\n    \u001b[33maria-level\u001b[39m=\u001b[32m\"2\"\u001b[39m\n    \u001b[33maria-selected\u001b[39m=\u001b[32m\"false\"\u001b[39m\n    \u001b[33mclass\u001b[39m=\u001b[32m\"flex w-full items-center text-left text-slate-100 transition hover:bg-white/8 min-h-7 gap-1.5 rounded-md px-2 py-1 text-[12px] leading-5\"\u001b[39m\n    \u001b[33mrole\u001b[39m=\u001b[32m\"treeitem\"\u001b[39m\n    \u001b[33mstyle\u001b[39m=\u001b[32m\"padding-left: 20px;\"\u001b[39m\n    \u001b[33mtabindex\u001b[39m=\u001b[32m\"-1\"\u001b[39m\n    \u001b[33mtype\u001b[39m=\u001b[32m\"button\"\u001b[39m\n  \u001b[36m/>\u001b[39m\n\n  --------------------------------------------------\n  group:\n\n  Name \"\":\n  \u001b[36m<div\u001b[39m\n    \u001b[33mrole\u001b[39m=\u001b[32m\"group\"\u001b[39m\n  \u001b[36m/>\u001b[39m\n\n  Name \"\":\n  \u001b[36m<div\u001b[39m\n    \u001b[33mrole\u001b[39m=\u001b[32m\"group\"\u001b[39m\n  \u001b[36m/>\u001b[39m\n\n  Name \"\":\n  \u001b[36m<div\u001b[39m\n    \u001b[33mrole\u001b[39m=\u001b[32m\"group\"\u001b[39m\n  \u001b[36m/>\u001b[39m\n\n  Name \"\":\n  \u001b[36m<div\u001b[39m\n    \u001b[33mrole\u001b[39m=\u001b[32m\"group\"\u001b[39m\n  \u001b[36m/>\u001b[39m\n\n  --------------------------------------------------\n\nIgnored nodes: comments, script, style\n\u001b[36m<body>\u001b[39m\n  \u001b[36m<div>\u001b[39m\n    \u001b[36m<section\u001b[39m\n      \u001b[33mclass\u001b[39m=\u001b[32m\"absolute inset-0 z-20 flex min-h-0 items-stretch justify-center bg-[radial-gradient(circle_at_top,rgba(255,255,255,0.18),transparent_48%),rgba(7,18,25,0.16)] p-4 backdrop-blur-[10px] sm:p-6\"\u001b[39m\n    \u001b[36m>\u001b[39m\n      \u001b[36m<div\u001b[39m\n        \u001b[33mclass\u001b[39m=\u001b[32m\"shadow-shell border-shell flex h-full w-full min-h-0 overflow-hidden rounded-[32px] border bg-[hsl(var(--app-shell-panel)/0.94)] max-w-6xl\"\u001b[39m\n      \u001b[36m>\u001b[39m\n        \u001b[36m<aside\u001b[39m\n          \u001b[33mclass\u001b[39m=\u001b[32m\"bg-[linear-gradient(180deg,rgba(7,18,25,0.94),rgba(8,16,24,0.82))] border-shell flex min-h-0 shrink-0 flex-col border-r backdrop-blur-xl w-[284px] sm:w-[296px]\"\u001b[39m\n        \u001b[36m>\u001b[39m\n          \u001b[36m<div\u001b[39m\n            \u001b[33mclass\u001b[39m=\u001b[32m\"border-shell flex items-start justify-between gap-3 border-b px-3 py-3\"\u001b[39m\n          \u001b[36m>\u001b[39m\n            \u001b[36m<div>\u001b[39m\n              \u001b[36m<p\u001b[39m\n                \u001b[33mclass\u001b[39m=\u001b[32m\"text-[10px] uppercase tracking-[0.38em] text-slate-400\"\u001b[39m\n              \u001b[36m>\u001b[39m\n                \u001b[0mFiles\u001b[0m\n              \u001b[36m</p>\u001b[39m\n              \u001b[36m<h2\u001b[39m\n                \u001b[33mclass\u001b[39m=\u001b[32m\"mt-1 font-semibold text-white text-base\"\u001b[39m\n              \u001b[36m>\u001b[39m\n                \u001b[0mFile System\u001b[0m\n              \u001b[36m</h2>\u001b[39m\n              \u001b[36m<p\u001b[39m\n                \u001b[33mclass\u001b[39m=\u001b[32m\"mt-1 text-slate-400 text-[11px] leading-4\"\u001b[39m\n              \u001b[36m>\u001b[39m\n                \u001b[0mBrowse files and connected folders.\u001b[0m\n              \u001b[36m</p>\u001b[39m\n            \u001b[36m</div>\u001b[39m\n            \u001b[36m<div\u001b[39m\n              \u001b[33mclass\u001b[39m=\u001b[32m\"flex items-center gap-2\"\u001b[39m\n            \u001b[36m>\u001b[39m\n              \u001b[36m<button\u001b[39m\n                \u001b[33maria-label\u001b[39m=\u001b[32m\"Create desktop document\"\u001b[39m\n                \u001b[33mclass\u001b[39m=\u001b[32m\"rounded-full border border-emerald-400/35 bg-emerald-400/12 p-2 text-emerald-100 transition hover:bg-emerald-400/18\"\u001b[39m\n                \u001b[33mtype\u001b[39m=\u001b[32m\"button\"\u001b[39m\n              \u001b[36m>\u001b[39m\n                \u001b[36m<svg\u001b[39m\n                  \u001b[33maria-hidden\u001b[39m=\u001b[32m\"true\"\u001b[39m\n                  \u001b[33mclass\u001b[39m=\u001b[32m\"lucide lucide-plus h-3.5 w-3.5\"\u001b[39m\n                  \u001b[33mfill\u001b[39m=\u001b[32m\"none\"\u001b[39m\n                  \u001b[33mheight\u001b[39m=\u001b[32m\"24\"\u001b[39m\n                  \u001b[33mstroke\u001b[39m=\u001b[32m\"currentColor\"\u001b[39m\n                  \u001b[33mstroke-linecap\u001b[39m=\u001b[32m\"round\"\u001b[39m\n                  \u001b[33mstroke-linejoin\u001b[39m=\u001b[32m\"round\"\u001b[39m\n                  \u001b[33mstroke-width\u001b[39m=\u001b[32m\"2\"\u001b[39m\n                  \u001b[33mviewBox\u001b[39m=\u001b[32m\"0 0 24 24\"\u001b[39m\n                  \u001b[33mwidth\u001b[39m=\u001b[32m\"24\"\u001b[39m\n                  \u001b[33mxmlns\u001b[39m=\u001b[32m\"http://www.w3.org/2000/svg\"\u001b[39m\n                \u001b[36m>\u001b[39m\n                  \u001b[36m<path\u001b[39m\n                    \u001b[33md\u001b[39m=\u001b[32m\"M5 12h14\"\u001b[39m\n                  \u001b[36m/>\u001b[39m\n                  \u001b[36m<path\u001b[39m\n                    \u001b[33md\u001b[39m=\u001b[32m\"M12 5v14\"\u001b[39m\n                  \u001b[36m/>\u001b[39m\n                \u001b[36m</svg>\u001b[39m\n              \u001b[36m</button>\u001b[39m\n              \u001b[36m<button\u001b[39m\n                \u001b[33maria-label\u001b[39m=\u001b[32m\"Close desktop tool\"\u001b[39m\n                \u001b[33mclass\u001b[39m=\u001b[32m\"rounded-full border border-white/12 bg-white/8 p-2 text-slate-200 transition hover:bg-white/14\"\u001b[39m\n                \u001b[33mtype\u001b[39m=\u001b[32m\"button\"\u001b[39m\n              \u001b[36m>\u001b[39m\n                \u001b[36m<svg\u001b[39m\n                  \u001b[33maria-hidden\u001b[39m=\u001b[32m\"true\"\u001b[39m\n                  \u001b[33mclass\u001b[39m=\u001b[32m\"lucide lucide-x h-3.5 w-3.5\"\u001b[39m\n                  \u001b[33mfill\u001b[39m=\u001b[32m\"none\"\u001b[39m\n                  \u001b[33mheight\u001b[39m=\u001b[32m\"24\"\u001b[39m\n                  \u001b[33mstroke\u001b[39m=\u001b[32m\"currentColor\"\u001b[39m\n                  \u001b[33mstroke-linecap\u001b[39m=\u001b[32m\"round\"\u001b[39m\n                  \u001b[33mstroke-linejoin\u001b[39m=\u001b[32m\"round\"\u001b[39m\n                  \u001b[33mstroke-width\u001b[39m=\u001b[32m\"2\"\u001b[39m\n                  \u001b[33mviewBox\u001b[39m=\u001b[32m\"0 0 24 24\"\u001b[39m\n                  \u001b[33mwidth\u001b[39m=\u001b[32m\"24\"\u001b[39m\n                  \u001b[33mxmlns\u001b[39m=\u001b[32m\"http://www.w3.org/2000/svg\"\u001b[39m\n                \u001b[36m>\u001b[39m\n                  \u001b[36m<path\u001b[39m\n                    \u001b[33md\u001b[39m=\u001b[32m\"M18 6 6 18\"\u001b[39m\n                  \u001b[36m/>\u001b[39m\n                  \u001b[36m<path\u001b[39m\n                    \u001b[33md\u001b[39m=\u001b[32m\"m6 6 12 12\"\u001b[39m\n                  \u001b[36m/>\u001b[39m\n                \u001b[36m</svg>\u001b[39m\n              \u001b[36m</button>\u001b[39m\n            \u001b[36m</div>\u001b[39m\n          \u001b[36m</div>\u001b[39m\n          \u001b[36m<div\u001b[39m\n            \u001b[33mclass\u001b[39m=\u001b[32m\"border-shell border-b px-3 py-2.5\"\u001b[39m\n          \u001b[36m>\u001b[39m\n            \u001b[36m<label\u001b[39m\n              \u001b[33mclass\u001b[39m=\u001b[32m\"flex items-center gap-2 border border-white/10 bg-white/6 text-slate-200 rounded-xl px-2.5 py-1.5 text-[12px]\"\u001b[39m\n            \u001b[36m>\u001b[39m\n              \u001b[36m<svg\u001b[39m\n                \u001b[33maria-hidden\u001b[39m=\u001b[32m\"true\"\u001b[39m\n                \u001b[33mclass\u001b[39m=\u001b[32m\"lucide lucide-search text-slate-400 h-3.5 w-3.5\"\u001b[39m\n                \u001b[33mfill\u001b[39m=\u001b[32m\"none\"\u001b[39m\n                \u001b[33mheight\u001b[39m=\u001b[32m\"24\"\u001b[39m\n                \u001b[33mstroke\u001b[39m=\u001b[32m\"currentColor\"\u001b[39m\n                \u001b[33mstroke-linecap\u001b[39m=\u001b[32m\"round\"\u001b[39m\n                \u001b[33mstroke-linejoin\u001b[39m=\u001b[32m\"round\"\u001b[39m\n                \u001b[33mstroke-width\u001b[39m=\u001b[32m\"2\"\u001b[39m\n                \u001b[33mviewBox\u001b[39m=\u001b[32m\"0 0 24 24\"\u001b[39m\n                \u001b[33mwidth\u001b[39m=\u001b[32m\"24\"\u001b[39m\n                \u001b[33mxmlns\u001b[39m=\u001b[32m\"http://www.w3.org/2000/svg\"\u001b[39m\n              \u001b[36m>\u001b[39m\n                \u001b[36m<path\u001b[39m\n                  \u001b[33md\u001b[39m=\u001b[32m\"m21 21-4.34-4.34\"\u001b[39m\n                \u001b[36m/>\u001b[39m\n                \u001b[36m<circle\u001b[39m\n                  \u001b[33mcx\u001b[39m=\u001b[32m\"11\"\u001b[39m\n                  \u001b[33mcy\u001b[39m=\u001b[32m\"11\"\u001b[39m\n                  \u001b[33mr\u001b[39m=\u001b[32m\"8\"\u001b[39m\n                \u001b[36m/>\u001b[39m\n              \u001b[36m</svg>\u001b[39m\n              \u001b[36m<input\u001b[39m\n                \u001b[33mclass\u001b[39m=\u001b[32m\"w-full bg-transparent outline-none placeholder:text-slate-500\"\u001b[39m\n                \u001b[33mplaceholder\u001b[39m=\u001b[32m\"Filter files, workspaces, system\"\u001b[39m\n                \u001b[33mvalue\u001b[39m=\u001b[32m\"\"\u001b[39m\n              \u001b[36m/>\u001b[39m\n            \u001b[36m</label>\u001b[39m\n            \u001b[36m<div\u001b[39m\n              \u001b[33mclass\u001b[39m=\u001b[32m\"mt-2 flex items-center justify-between gap-2 flex-wrap\"\u001b[39m\n            \u001b[36m>\u001b[39m\n              \u001b[36m<div\u001b[39m\n                \u001b[33mclass\u001b[39m=\u001b[32m\"inline-flex items-center rounded-xl border border-white/10 bg-white/5 p-1\"\u001b[39m\n              \u001b[36m>\u001b[39m\n                \u001b[36m<button\u001b[39m\n                  \u001b[33maria-label\u001b[39m=\u001b[32m\"Compact density\"\u001b[39m\n                  \u001b[33maria-pressed\u001b[39m=\u001b[32m\"true\"\u001b[39m\n                  \u001b[33mclass\u001b[39m=\u001b[32m\"rounded-lg px-2.5 py-1 text-[11px] font-medium transition bg-white/14 text-white\"\u001b[39m\n                  \u001b[33mtype\u001b[39m=\u001b[32m\"button\"\u001b[39m\n                \u001b[36m>\u001b[39m\n                  \u001b[0mCompact\u001b[0m\n                \u001b[36m</button>\u001b[39m\n                \u001b[36m<button\u001b[39m\n                  \u001b[33maria-label\u001b[39...\n    at Object.getElementError (/Volumes/AppDen/AppsHom/bijmantra/frontend/node_modules/@testing-library/dom/dist/config.js:37:19)\n    at /Volumes/AppDen/AppsHom/bijmantra/frontend/node_modules/@testing-library/dom/dist/query-helpers.js:76:38\n    at /Volumes/AppDen/AppsHom/bijmantra/frontend/node_modules/@testing-library/dom/dist/query-helpers.js:52:17\n    at /Volumes/AppDen/AppsHom/bijmantra/frontend/node_modules/@testing-library/dom/dist/query-helpers.js:95:19\n    at /Volumes/AppDen/AppsHom/bijmantra/frontend/src/framework/shell/DesktopWorkbench.test.tsx:754:28\n    at file:///Volumes/AppDen/AppsHom/bijmantra/frontend/node_modules/@vitest/runner/dist/index.js:915:20"],"meta":{}}],"startTime":1774241903753,"endTime":1774241907652.7686,"status":"failed","message":"","name":"/Volumes/AppDen/AppsHom/bijmantra/frontend/src/framework/shell/DesktopWorkbench.test.tsx"}]}